

Started GET "/" for ::1 at 2016-06-02 15:44:48 -0700
  [1m[36mActiveRecord::SchemaMigration Load (0.8ms)[0m  [1mSELECT "schema_migrations".* FROM "schema_migrations"[0m
Processing by SplashController#index as HTML
DEPRECATION WARNING on line 81 of /Users/abadjoanne/.rvm/gems/ruby-2.3.0/gems/foundation-rails-6.2.1.0/vendor/assets/scss/components/_button-group.scss: #{} interpolation near operators will be simplified
in a future version of Sass. To preserve the current behavior, use quotes:

  unquote('#{$buttongroup-spacing} == "0"')

You can use the sass-convert command to automatically fix most cases.


  Rendered splash/index.html.erb within layouts/application (70874.5ms)
  [1m[35mUser Load (24.9ms)[0m  SELECT  "users".* FROM "users" WHERE "users"."id" = $1 LIMIT 1  [["id", 8]]
Completed 200 OK in 73737ms (Views: 73574.0ms | ActiveRecord: 72.0ms)


Started GET "/assets/_settings.self-e3b0c44298fc1c149afbf4c8996fb92427ae41e4649b934ca495991b7852b855.css?body=1" for ::1 at 2016-06-02 15:46:05 -0700


Started GET "/assets/posts.self-94437e93604f5ccea9cfe5670a09f6aa5a376cb563e7ad643a190c9ce3871911.css?body=1" for ::1 at 2016-06-02 15:46:05 -0700


Started GET "/assets/users.self-982098b4172db690d54d4342c8c9b5a45984b58c1f0394f6fe705d503bf15308.css?body=1" for ::1 at 2016-06-02 15:46:05 -0700


Started GET "/assets/foundation_and_overrides.self-8a1533ab2da11c6eb6bf5bfab21bb2546101456442ae2b2ead323edafae554c6.css?body=1" for ::1 at 2016-06-02 15:46:05 -0700


Started GET "/assets/splash.self-b62fbf60b0afbc656c224a901610dc7445f8edc4173afb16e74c2690a197c531.css?body=1" for ::1 at 2016-06-02 15:46:05 -0700


Started GET "/assets/application.self-4f22ee513bff51c07ddbacea6716b3bb025259c40c0c44f68b3b024ed0ff7a2c.css?body=1" for ::1 at 2016-06-02 15:46:05 -0700


Started GET "/assets/about.self-743cdb0f1b5f9234850d0a9eb5f152cea7ccdea14233f9f772a0060e37d135b3.css?body=1" for ::1 at 2016-06-02 15:46:05 -0700


Started GET "/assets/foundation.self-3e0a0d55ece898a6d57d7b1d486be517d48778b5fb4bdaeefcffcd60ad61794b.css?body=1" for ::1 at 2016-06-02 15:46:05 -0700


Started GET "/assets/foundation.core.self-f55f82f1d32e31421cdb346360219495e02cb256a9235560ae847258f51ded3a.js?body=1" for ::1 at 2016-06-02 15:46:05 -0700


Started GET "/assets/jquery.self-660adc51e0224b731d29f575a6f1ec167ba08ad06ed5deca4f1e8654c135bf4c.js?body=1" for ::1 at 2016-06-02 15:46:05 -0700


Started GET "/assets/jquery_ujs.self-e87806d0cf4489aeb1bb7288016024e8de67fd18db693fe026fe3907581e53cd.js?body=1" for ::1 at 2016-06-02 15:46:06 -0700


Started GET "/assets/foundation.abide.self-fbc98127620ee01eaa2881e128f8448984eecf2eaf9fd8cc40b020ad7e9f2bd3.js?body=1" for ::1 at 2016-06-02 15:46:06 -0700


Started GET "/assets/foundation.accordion.self-6c28f3f91f10621dea9006b993acf28cda9ea59c4e962048fee0e94588b696bb.js?body=1" for ::1 at 2016-06-02 15:46:06 -0700


Started GET "/assets/foundation.drilldown.self-11995b03e1b847772717a9123dc61fb32511459cccc6b8bc816b29e6739c3555.js?body=1" for ::1 at 2016-06-02 15:46:06 -0700


Started GET "/assets/foundation.equalizer.self-20c80813228b7707630bb8e9b79d9e9e95bc08793fd7f7c0bb4d1a8e1abba874.js?body=1" for ::1 at 2016-06-02 15:46:06 -0700


Started GET "/assets/foundation.accordionMenu.self-6a75eb2b3768268d8ec00fc703ea3752f847738031a2614ce3ab5e4bbb9882dd.js?body=1" for ::1 at 2016-06-02 15:46:06 -0700


Started GET "/assets/foundation.dropdown.self-f384376d246673d8cc9e59e8a1e0655d1ac164ebd79ed62938bb665b8e98fda0.js?body=1" for ::1 at 2016-06-02 15:46:06 -0700


Started GET "/assets/foundation.dropdownMenu.self-d58c8deb698da27cd9f2df0dd6bef68b289948015c0eb1f1734e601754b77a22.js?body=1" for ::1 at 2016-06-02 15:46:06 -0700


Started GET "/assets/foundation.reveal.self-3b377de155fe3f888dcbb074b9017ed4e19c3ef995e13eea42b10839dd9756f6.js?body=1" for ::1 at 2016-06-02 15:46:06 -0700


Started GET "/assets/foundation.orbit.self-3790b70d486b6233de7bf36256a99b4470bbf5bab8d5cdba23038a96bed7c426.js?body=1" for ::1 at 2016-06-02 15:46:06 -0700


Started GET "/assets/foundation.offcanvas.self-43878eed51fe559619ff3c62e266b58335e0cd40bc765ede9bb5c61a5e25625d.js?body=1" for ::1 at 2016-06-02 15:46:06 -0700


Started GET "/assets/foundation.magellan.self-185cddbb3ea900a8b64ad9482999414820039c72b88ac73ce4062e26c2fcb51f.js?body=1" for ::1 at 2016-06-02 15:46:06 -0700


Started GET "/assets/foundation.slider.self-89883a154b8e68187e9465e5470bf26d54b48a4a69de4636afbb38953ee41ea6.js?body=1" for ::1 at 2016-06-02 15:46:06 -0700


Started GET "/assets/foundation.interchange.self-8098699bc5e479e34a597c857ca10cf84217780d16b09b4be350ec42d7c3ba85.js?body=1" for ::1 at 2016-06-02 15:46:06 -0700


Started GET "/assets/foundation.responsiveMenu.self-04daa3af5d3c617fa7d588b45b56abd62539f5fde28756c7b4705de2aa10c4fd.js?body=1" for ::1 at 2016-06-02 15:46:06 -0700


Started GET "/assets/foundation.tabs.self-891f2cfe78a15ab6d129ae1bdcd83bb8c344b5677446700c8329442081eddddf.js?body=1" for ::1 at 2016-06-02 15:46:06 -0700


Started GET "/assets/foundation.sticky.self-8e0aa578f0015adbf99c14d1bb8464da751951e2c6e2923c2395ceba99c28bac.js?body=1" for ::1 at 2016-06-02 15:46:06 -0700


Started GET "/assets/foundation.responsiveToggle.self-2b01f8c5e2bfe4eeaf7b15dd94962ef957112c455f4dc3abcf5e41e4c98b5b91.js?body=1" for ::1 at 2016-06-02 15:46:06 -0700


Started GET "/assets/foundation.toggler.self-e503f9a635124ad4578a03dc24e47ac4cdb922a60bac8c9c99d024da00b0bd52.js?body=1" for ::1 at 2016-06-02 15:46:06 -0700


Started GET "/assets/foundation.tooltip.self-4cf167bdbe826668ee0d73e6e30da8aaba252c73084db7b005923d5cd102d11e.js?body=1" for ::1 at 2016-06-02 15:46:06 -0700


Started GET "/assets/foundation.util.box.self-789413a9ae946f5aee2709ac5e1ad5c9a7780fb4e16b46efe3572f22a0ea6b4d.js?body=1" for ::1 at 2016-06-02 15:46:06 -0700


Started GET "/assets/foundation.util.keyboard.self-cf209dc0383f29cb576393bbdee52dbbd819837d6430a35afb4a4703770972f9.js?body=1" for ::1 at 2016-06-02 15:46:06 -0700


Started GET "/assets/foundation.util.touch.self-e26387c8ba249a8e90745647603562023cd1932c720ddf72407dc7a489ecb893.js?body=1" for ::1 at 2016-06-02 15:46:06 -0700


Started GET "/assets/foundation.util.mediaQuery.self-931eb6f96f60670ad0ebcb0a6d7bed0cced317a2059749343b094c4d72098b6c.js?body=1" for ::1 at 2016-06-02 15:46:06 -0700


Started GET "/assets/foundation.util.motion.self-13d4248460aba53c0fd52e1ec0d5cb41c317b1c4d974bc5d905c9976dc9ef218.js?body=1" for ::1 at 2016-06-02 15:46:06 -0700


Started GET "/assets/foundation.util.nest.self-c9876586f80b068aea0d01390583424a28fa305c450e12a49bb301dcc686d1a0.js?body=1" for ::1 at 2016-06-02 15:46:06 -0700


Started GET "/assets/foundation.self-5ecf2f4d83e6260dabd6ec48e76d8ddebccf956563f34072221bf960d3b8c255.js?body=1" for ::1 at 2016-06-02 15:46:06 -0700


Started GET "/assets/foundation.util.timerAndImageLoader.self-68c67c1b0b4f2e2cb7f2af57124f38f54b749efed9f1bebc44677dc27abf7864.js?body=1" for ::1 at 2016-06-02 15:46:06 -0700


Started GET "/assets/foundation.util.triggers.self-71a2360cfe56c89eb46e0776c3d04601a8cce01d9e1098b808375eecc4b2418c.js?body=1" for ::1 at 2016-06-02 15:46:06 -0700


Started GET "/assets/turbolinks.self-c37727e9bd6b2735da5c311aa83fead54ed0be6cc8bd9a65309e9c5abe2cbfff.js?body=1" for ::1 at 2016-06-02 15:46:06 -0700


Started GET "/assets/users.self-877aef30ae1b040ab8a3aba4e3e309a11d7f2612f44dde450b5c157aa5f95c05.js?body=1" for ::1 at 2016-06-02 15:46:06 -0700


Started GET "/assets/posts.self-877aef30ae1b040ab8a3aba4e3e309a11d7f2612f44dde450b5c157aa5f95c05.js?body=1" for ::1 at 2016-06-02 15:46:06 -0700


Started GET "/assets/application.self-79a300d240bbf145c9af961805bc87f18e9f73bd1cda275895295c80d8552d3f.js?body=1" for ::1 at 2016-06-02 15:46:06 -0700


Started GET "/assets/about.self-877aef30ae1b040ab8a3aba4e3e309a11d7f2612f44dde450b5c157aa5f95c05.js?body=1" for ::1 at 2016-06-02 15:46:06 -0700


Started GET "/assets/abadgirl-8cbb8de9759ee02f5c141ebb51afdb148bc02e0b8caabef253047547d3d5d368.png" for ::1 at 2016-06-02 15:46:07 -0700


Started GET "/assets/ja_new_fav-7970600167f7cc27a320372593e9614467b4270a72ae44b5b4c941528b1a8b8b.ico" for ::1 at 2016-06-02 15:46:07 -0700


Started GET "/" for ::1 at 2016-06-02 15:59:14 -0700
  [1m[36mActiveRecord::SchemaMigration Load (0.7ms)[0m  [1mSELECT "schema_migrations".* FROM "schema_migrations"[0m
Processing by SplashController#index as HTML
  Rendered splash/index.html.erb within layouts/application (1029.1ms)
  [1m[35mUser Load (0.8ms)[0m  SELECT  "users".* FROM "users" WHERE "users"."id" = $1 LIMIT 1  [["id", 8]]
Completed 200 OK in 3374ms (Views: 3297.4ms | ActiveRecord: 8.3ms)


Started GET "/assets/_settings.self-e3b0c44298fc1c149afbf4c8996fb92427ae41e4649b934ca495991b7852b855.css?body=1" for ::1 at 2016-06-02 15:59:19 -0700


Started GET "/assets/about.self-743cdb0f1b5f9234850d0a9eb5f152cea7ccdea14233f9f772a0060e37d135b3.css?body=1" for ::1 at 2016-06-02 15:59:19 -0700


Started GET "/assets/foundation_and_overrides.self-8a1533ab2da11c6eb6bf5bfab21bb2546101456442ae2b2ead323edafae554c6.css?body=1" for ::1 at 2016-06-02 15:59:19 -0700


Started GET "/assets/foundation.self-3e0a0d55ece898a6d57d7b1d486be517d48778b5fb4bdaeefcffcd60ad61794b.css?body=1" for ::1 at 2016-06-02 15:59:19 -0700


Started GET "/assets/posts.self-94437e93604f5ccea9cfe5670a09f6aa5a376cb563e7ad643a190c9ce3871911.css?body=1" for ::1 at 2016-06-02 15:59:19 -0700


Started GET "/assets/splash.self-b62fbf60b0afbc656c224a901610dc7445f8edc4173afb16e74c2690a197c531.css?body=1" for ::1 at 2016-06-02 15:59:19 -0700


Started GET "/assets/users.self-982098b4172db690d54d4342c8c9b5a45984b58c1f0394f6fe705d503bf15308.css?body=1" for ::1 at 2016-06-02 15:59:19 -0700


Started GET "/assets/application.self-4f22ee513bff51c07ddbacea6716b3bb025259c40c0c44f68b3b024ed0ff7a2c.css?body=1" for ::1 at 2016-06-02 15:59:19 -0700


Started GET "/assets/jquery.self-660adc51e0224b731d29f575a6f1ec167ba08ad06ed5deca4f1e8654c135bf4c.js?body=1" for ::1 at 2016-06-02 15:59:19 -0700


Started GET "/assets/jquery_ujs.self-e87806d0cf4489aeb1bb7288016024e8de67fd18db693fe026fe3907581e53cd.js?body=1" for ::1 at 2016-06-02 15:59:19 -0700


Started GET "/assets/foundation.core.self-f55f82f1d32e31421cdb346360219495e02cb256a9235560ae847258f51ded3a.js?body=1" for ::1 at 2016-06-02 15:59:19 -0700


Started GET "/assets/foundation.abide.self-fbc98127620ee01eaa2881e128f8448984eecf2eaf9fd8cc40b020ad7e9f2bd3.js?body=1" for ::1 at 2016-06-02 15:59:19 -0700


Started GET "/assets/foundation.accordion.self-6c28f3f91f10621dea9006b993acf28cda9ea59c4e962048fee0e94588b696bb.js?body=1" for ::1 at 2016-06-02 15:59:19 -0700


Started GET "/assets/foundation.accordionMenu.self-6a75eb2b3768268d8ec00fc703ea3752f847738031a2614ce3ab5e4bbb9882dd.js?body=1" for ::1 at 2016-06-02 15:59:19 -0700


Started GET "/assets/foundation.drilldown.self-11995b03e1b847772717a9123dc61fb32511459cccc6b8bc816b29e6739c3555.js?body=1" for ::1 at 2016-06-02 15:59:19 -0700


Started GET "/assets/foundation.dropdown.self-f384376d246673d8cc9e59e8a1e0655d1ac164ebd79ed62938bb665b8e98fda0.js?body=1" for ::1 at 2016-06-02 15:59:19 -0700


Started GET "/assets/foundation.dropdownMenu.self-d58c8deb698da27cd9f2df0dd6bef68b289948015c0eb1f1734e601754b77a22.js?body=1" for ::1 at 2016-06-02 15:59:19 -0700


Started GET "/assets/foundation.orbit.self-3790b70d486b6233de7bf36256a99b4470bbf5bab8d5cdba23038a96bed7c426.js?body=1" for ::1 at 2016-06-02 15:59:19 -0700


Started GET "/assets/foundation.interchange.self-8098699bc5e479e34a597c857ca10cf84217780d16b09b4be350ec42d7c3ba85.js?body=1" for ::1 at 2016-06-02 15:59:19 -0700


Started GET "/assets/foundation.magellan.self-185cddbb3ea900a8b64ad9482999414820039c72b88ac73ce4062e26c2fcb51f.js?body=1" for ::1 at 2016-06-02 15:59:19 -0700


Started GET "/assets/foundation.offcanvas.self-43878eed51fe559619ff3c62e266b58335e0cd40bc765ede9bb5c61a5e25625d.js?body=1" for ::1 at 2016-06-02 15:59:19 -0700


Started GET "/assets/foundation.equalizer.self-20c80813228b7707630bb8e9b79d9e9e95bc08793fd7f7c0bb4d1a8e1abba874.js?body=1" for ::1 at 2016-06-02 15:59:19 -0700


Started GET "/assets/foundation.responsiveMenu.self-04daa3af5d3c617fa7d588b45b56abd62539f5fde28756c7b4705de2aa10c4fd.js?body=1" for ::1 at 2016-06-02 15:59:19 -0700


Started GET "/assets/foundation.responsiveToggle.self-2b01f8c5e2bfe4eeaf7b15dd94962ef957112c455f4dc3abcf5e41e4c98b5b91.js?body=1" for ::1 at 2016-06-02 15:59:19 -0700


Started GET "/assets/foundation.reveal.self-3b377de155fe3f888dcbb074b9017ed4e19c3ef995e13eea42b10839dd9756f6.js?body=1" for ::1 at 2016-06-02 15:59:19 -0700


Started GET "/assets/foundation.slider.self-89883a154b8e68187e9465e5470bf26d54b48a4a69de4636afbb38953ee41ea6.js?body=1" for ::1 at 2016-06-02 15:59:19 -0700


Started GET "/assets/foundation.tabs.self-891f2cfe78a15ab6d129ae1bdcd83bb8c344b5677446700c8329442081eddddf.js?body=1" for ::1 at 2016-06-02 15:59:19 -0700


Started GET "/assets/foundation.sticky.self-8e0aa578f0015adbf99c14d1bb8464da751951e2c6e2923c2395ceba99c28bac.js?body=1" for ::1 at 2016-06-02 15:59:19 -0700


Started GET "/assets/foundation.toggler.self-e503f9a635124ad4578a03dc24e47ac4cdb922a60bac8c9c99d024da00b0bd52.js?body=1" for ::1 at 2016-06-02 15:59:19 -0700


Started GET "/assets/foundation.util.keyboard.self-cf209dc0383f29cb576393bbdee52dbbd819837d6430a35afb4a4703770972f9.js?body=1" for ::1 at 2016-06-02 15:59:19 -0700


Started GET "/assets/foundation.util.mediaQuery.self-931eb6f96f60670ad0ebcb0a6d7bed0cced317a2059749343b094c4d72098b6c.js?body=1" for ::1 at 2016-06-02 15:59:19 -0700


Started GET "/assets/foundation.util.box.self-789413a9ae946f5aee2709ac5e1ad5c9a7780fb4e16b46efe3572f22a0ea6b4d.js?body=1" for ::1 at 2016-06-02 15:59:19 -0700


Started GET "/assets/foundation.tooltip.self-4cf167bdbe826668ee0d73e6e30da8aaba252c73084db7b005923d5cd102d11e.js?body=1" for ::1 at 2016-06-02 15:59:19 -0700


Started GET "/assets/foundation.util.nest.self-c9876586f80b068aea0d01390583424a28fa305c450e12a49bb301dcc686d1a0.js?body=1" for ::1 at 2016-06-02 15:59:19 -0700


Started GET "/assets/foundation.util.motion.self-13d4248460aba53c0fd52e1ec0d5cb41c317b1c4d974bc5d905c9976dc9ef218.js?body=1" for ::1 at 2016-06-02 15:59:20 -0700


Started GET "/assets/foundation.util.timerAndImageLoader.self-68c67c1b0b4f2e2cb7f2af57124f38f54b749efed9f1bebc44677dc27abf7864.js?body=1" for ::1 at 2016-06-02 15:59:20 -0700


Started GET "/assets/foundation.util.touch.self-e26387c8ba249a8e90745647603562023cd1932c720ddf72407dc7a489ecb893.js?body=1" for ::1 at 2016-06-02 15:59:20 -0700


Started GET "/assets/foundation.self-5ecf2f4d83e6260dabd6ec48e76d8ddebccf956563f34072221bf960d3b8c255.js?body=1" for ::1 at 2016-06-02 15:59:20 -0700


Started GET "/assets/foundation.util.triggers.self-71a2360cfe56c89eb46e0776c3d04601a8cce01d9e1098b808375eecc4b2418c.js?body=1" for ::1 at 2016-06-02 15:59:20 -0700


Started GET "/assets/about.self-877aef30ae1b040ab8a3aba4e3e309a11d7f2612f44dde450b5c157aa5f95c05.js?body=1" for ::1 at 2016-06-02 15:59:20 -0700


Started GET "/assets/turbolinks.self-c37727e9bd6b2735da5c311aa83fead54ed0be6cc8bd9a65309e9c5abe2cbfff.js?body=1" for ::1 at 2016-06-02 15:59:20 -0700


Started GET "/assets/users.self-877aef30ae1b040ab8a3aba4e3e309a11d7f2612f44dde450b5c157aa5f95c05.js?body=1" for ::1 at 2016-06-02 15:59:20 -0700


Started GET "/assets/posts.self-877aef30ae1b040ab8a3aba4e3e309a11d7f2612f44dde450b5c157aa5f95c05.js?body=1" for ::1 at 2016-06-02 15:59:20 -0700


Started GET "/assets/application.self-79a300d240bbf145c9af961805bc87f18e9f73bd1cda275895295c80d8552d3f.js?body=1" for ::1 at 2016-06-02 15:59:20 -0700


Started GET "/assets/abadgirl-8cbb8de9759ee02f5c141ebb51afdb148bc02e0b8caabef253047547d3d5d368.png" for ::1 at 2016-06-02 15:59:20 -0700


Started GET "/assets/ja_new_fav-7970600167f7cc27a320372593e9614467b4270a72ae44b5b4c941528b1a8b8b.ico" for ::1 at 2016-06-02 15:59:20 -0700


Started GET "/beauty/posts" for ::1 at 2016-06-02 15:59:23 -0700
Processing by PostsController#index_beauty as HTML
  [1m[36mUser Load (0.4ms)[0m  [1mSELECT  "users".* FROM "users" WHERE "users"."id" = $1 LIMIT 1[0m  [["id", 8]]
  [1m[35mPost Load (70.3ms)[0m  SELECT "posts".* FROM "posts" WHERE "posts"."beauty_post" = $1  ORDER BY "posts"."created_at" DESC  [["beauty_post", "t"]]
  Rendered posts/index_beauty.html.erb within layouts/application (110.1ms)
Completed 200 OK in 380ms (Views: 249.5ms | ActiveRecord: 73.6ms)


Started GET "/fashion/posts" for ::1 at 2016-06-02 15:59:26 -0700
Processing by PostsController#index_fashion as HTML
  [1m[36mUser Load (0.4ms)[0m  [1mSELECT  "users".* FROM "users" WHERE "users"."id" = $1 LIMIT 1[0m  [["id", 8]]
  [1m[35mPost Load (0.3ms)[0m  SELECT "posts".* FROM "posts" WHERE "posts"."fashion_post" = $1  ORDER BY "posts"."created_at" DESC  [["fashion_post", "t"]]
  Rendered posts/index_fashion.html.erb within layouts/application (9.7ms)
Completed 200 OK in 242ms (Views: 239.4ms | ActiveRecord: 0.7ms)


Started GET "/users/8" for ::1 at 2016-06-02 15:59:29 -0700
Processing by UsersController#show as HTML
  Parameters: {"id"=>"8"}
  [1m[36mUser Load (0.4ms)[0m  [1mSELECT  "users".* FROM "users" WHERE "users"."id" = $1 LIMIT 1[0m  [["id", 8]]
  Rendered users/show.html.erb within layouts/application (3.5ms)
  [1m[35mUser Load (0.4ms)[0m  SELECT  "users".* FROM "users" WHERE "users"."id" = $1 LIMIT 1  [["id", 8]]
Completed 200 OK in 278ms (Views: 275.8ms | ActiveRecord: 0.8ms)


Started GET "/splash" for ::1 at 2016-06-02 15:59:34 -0700
Processing by SplashController#index as HTML
  Rendered splash/index.html.erb within layouts/application (6.9ms)
  [1m[36mUser Load (0.4ms)[0m  [1mSELECT  "users".* FROM "users" WHERE "users"."id" = $1 LIMIT 1[0m  [["id", 8]]
Completed 200 OK in 205ms (Views: 202.9ms | ActiveRecord: 0.4ms)


Started GET "/splash/about" for ::1 at 2016-06-02 15:59:37 -0700
Processing by SplashController#about as HTML
  Rendered splash/about.html.erb within layouts/application (27.3ms)
  [1m[35mUser Load (0.3ms)[0m  SELECT  "users".* FROM "users" WHERE "users"."id" = $1 LIMIT 1  [["id", 8]]
Completed 200 OK in 245ms (Views: 244.3ms | ActiveRecord: 0.3ms)


Started GET "/splash" for ::1 at 2016-06-02 15:59:43 -0700
Processing by SplashController#index as HTML
  Rendered splash/index.html.erb within layouts/application (204.7ms)
  [1m[36mUser Load (0.4ms)[0m  [1mSELECT  "users".* FROM "users" WHERE "users"."id" = $1 LIMIT 1[0m  [["id", 8]]
Completed 200 OK in 483ms (Views: 472.4ms | ActiveRecord: 0.4ms)


Started GET "/splash/about" for ::1 at 2016-06-02 16:01:34 -0700
Processing by SplashController#about as HTML
  Rendered splash/about.html.erb within layouts/application (30.9ms)
  [1m[35mUser Load (0.9ms)[0m  SELECT  "users".* FROM "users" WHERE "users"."id" = $1 LIMIT 1  [["id", 8]]
Completed 200 OK in 1128ms (Views: 1119.7ms | ActiveRecord: 0.9ms)


Started GET "/beauty/posts" for ::1 at 2016-06-02 16:04:23 -0700
Processing by PostsController#index_beauty as HTML
  [1m[36mUser Load (1.0ms)[0m  [1mSELECT  "users".* FROM "users" WHERE "users"."id" = $1 LIMIT 1[0m  [["id", 8]]
  [1m[35mPost Load (0.8ms)[0m  SELECT "posts".* FROM "posts" WHERE "posts"."beauty_post" = $1  ORDER BY "posts"."created_at" DESC  [["beauty_post", "t"]]
  Rendered posts/index_beauty.html.erb within layouts/application (86.8ms)
Completed 200 OK in 1137ms (Views: 1121.7ms | ActiveRecord: 1.8ms)


Started GET "/users/8" for ::1 at 2016-06-02 16:04:34 -0700
Processing by UsersController#show as HTML
  Parameters: {"id"=>"8"}
  [1m[36mUser Load (0.3ms)[0m  [1mSELECT  "users".* FROM "users" WHERE "users"."id" = $1 LIMIT 1[0m  [["id", 8]]
  Rendered users/show.html.erb within layouts/application (12.4ms)
  [1m[35mUser Load (0.4ms)[0m  SELECT  "users".* FROM "users" WHERE "users"."id" = $1 LIMIT 1  [["id", 8]]
Completed 200 OK in 1465ms (Views: 1462.0ms | ActiveRecord: 0.6ms)


Started GET "/posts/100" for ::1 at 2016-06-02 16:04:41 -0700
Processing by PostsController#show as HTML
  Parameters: {"id"=>"100"}
  [1m[36mPost Load (0.7ms)[0m  [1mSELECT  "posts".* FROM "posts" WHERE "posts"."id" = $1 LIMIT 1[0m  [["id", 100]]
  [1m[35mUser Load (0.3ms)[0m  SELECT  "users".* FROM "users" WHERE "users"."id" = $1 LIMIT 1  [["id", 8]]
  [1m[36mCACHE (0.0ms)[0m  [1mSELECT  "users".* FROM "users" WHERE "users"."id" = $1 LIMIT 1[0m  [["id", 8]]
  Rendered posts/show.html.erb within layouts/application (93.2ms)
Completed 200 OK in 770ms (Views: 765.0ms | ActiveRecord: 1.1ms)


Started GET "/beauty/posts" for ::1 at 2016-06-02 16:06:30 -0700
Processing by PostsController#index_beauty as HTML
  [1m[35mUser Load (150.9ms)[0m  SELECT  "users".* FROM "users" WHERE "users"."id" = $1 LIMIT 1  [["id", 8]]
  [1m[36mPost Load (1.1ms)[0m  [1mSELECT "posts".* FROM "posts" WHERE "posts"."beauty_post" = $1  ORDER BY "posts"."created_at" DESC[0m  [["beauty_post", "t"]]
  Rendered posts/index_beauty.html.erb within layouts/application (610.4ms)
Completed 500 Internal Server Error in 665ms (ActiveRecord: 152.0ms)

NoMethodError - undefined method `first_name' for nil:NilClass:
  app/views/posts/index_beauty.html.erb:41:in `block in _app_views_posts_index_beauty_html_erb__1716218746201653723_70160527001840'
  activerecord (4.2.6) lib/active_record/relation/delegation.rb:46:in `each'
  app/views/posts/index_beauty.html.erb:16:in `_app_views_posts_index_beauty_html_erb__1716218746201653723_70160527001840'
  actionview (4.2.6) lib/action_view/template.rb:145:in `block in render'
  activesupport (4.2.6) lib/active_support/notifications.rb:166:in `instrument'
  actionview (4.2.6) lib/action_view/template.rb:333:in `instrument'
  actionview (4.2.6) lib/action_view/template.rb:143:in `render'
  actionview (4.2.6) lib/action_view/renderer/template_renderer.rb:54:in `block (2 levels) in render_template'
  actionview (4.2.6) lib/action_view/renderer/abstract_renderer.rb:39:in `block in instrument'
  activesupport (4.2.6) lib/active_support/notifications.rb:164:in `block in instrument'
  activesupport (4.2.6) lib/active_support/notifications/instrumenter.rb:20:in `instrument'
  activesupport (4.2.6) lib/active_support/notifications.rb:164:in `instrument'
  actionview (4.2.6) lib/action_view/renderer/abstract_renderer.rb:39:in `instrument'
  actionview (4.2.6) lib/action_view/renderer/template_renderer.rb:53:in `block in render_template'
  actionview (4.2.6) lib/action_view/renderer/template_renderer.rb:61:in `render_with_layout'
  actionview (4.2.6) lib/action_view/renderer/template_renderer.rb:52:in `render_template'
  actionview (4.2.6) lib/action_view/renderer/template_renderer.rb:14:in `render'
  actionview (4.2.6) lib/action_view/renderer/renderer.rb:46:in `render_template'
  actionview (4.2.6) lib/action_view/renderer/renderer.rb:27:in `render'
  actionview (4.2.6) lib/action_view/rendering.rb:100:in `_render_template'
  actionpack (4.2.6) lib/action_controller/metal/streaming.rb:217:in `_render_template'
  actionview (4.2.6) lib/action_view/rendering.rb:83:in `render_to_body'
  actionpack (4.2.6) lib/action_controller/metal/rendering.rb:32:in `render_to_body'
  actionpack (4.2.6) lib/action_controller/metal/renderers.rb:37:in `render_to_body'
  actionpack (4.2.6) lib/abstract_controller/rendering.rb:25:in `render'
  actionpack (4.2.6) lib/action_controller/metal/rendering.rb:16:in `render'
  actionpack (4.2.6) lib/action_controller/metal/instrumentation.rb:44:in `block (2 levels) in render'
  activesupport (4.2.6) lib/active_support/core_ext/benchmark.rb:12:in `block in ms'
  /Users/abadjoanne/.rvm/rubies/ruby-2.3.0/lib/ruby/2.3.0/benchmark.rb:308:in `realtime'
  activesupport (4.2.6) lib/active_support/core_ext/benchmark.rb:12:in `ms'
  actionpack (4.2.6) lib/action_controller/metal/instrumentation.rb:44:in `block in render'
  actionpack (4.2.6) lib/action_controller/metal/instrumentation.rb:87:in `cleanup_view_runtime'
  activerecord (4.2.6) lib/active_record/railties/controller_runtime.rb:25:in `cleanup_view_runtime'
  actionpack (4.2.6) lib/action_controller/metal/instrumentation.rb:43:in `render'
  actionpack (4.2.6) lib/action_controller/metal/implicit_render.rb:10:in `default_render'
  actionpack (4.2.6) lib/action_controller/metal/implicit_render.rb:5:in `send_action'
  actionpack (4.2.6) lib/abstract_controller/base.rb:198:in `process_action'
  actionpack (4.2.6) lib/action_controller/metal/rendering.rb:10:in `process_action'
  actionpack (4.2.6) lib/abstract_controller/callbacks.rb:20:in `block in process_action'
  activesupport (4.2.6) lib/active_support/callbacks.rb:117:in `call'
  activesupport (4.2.6) lib/active_support/callbacks.rb:555:in `block (2 levels) in compile'
  activesupport (4.2.6) lib/active_support/callbacks.rb:505:in `call'
  activesupport (4.2.6) lib/active_support/callbacks.rb:92:in `__run_callbacks__'
  activesupport (4.2.6) lib/active_support/callbacks.rb:778:in `_run_process_action_callbacks'
  activesupport (4.2.6) lib/active_support/callbacks.rb:81:in `run_callbacks'
  actionpack (4.2.6) lib/abstract_controller/callbacks.rb:19:in `process_action'
  actionpack (4.2.6) lib/action_controller/metal/rescue.rb:29:in `process_action'
  actionpack (4.2.6) lib/action_controller/metal/instrumentation.rb:32:in `block in process_action'
  activesupport (4.2.6) lib/active_support/notifications.rb:164:in `block in instrument'
  activesupport (4.2.6) lib/active_support/notifications/instrumenter.rb:20:in `instrument'
  activesupport (4.2.6) lib/active_support/notifications.rb:164:in `instrument'
  actionpack (4.2.6) lib/action_controller/metal/instrumentation.rb:30:in `process_action'
  actionpack (4.2.6) lib/action_controller/metal/params_wrapper.rb:250:in `process_action'
  activerecord (4.2.6) lib/active_record/railties/controller_runtime.rb:18:in `process_action'
  actionpack (4.2.6) lib/abstract_controller/base.rb:137:in `process'
  actionview (4.2.6) lib/action_view/rendering.rb:30:in `process'
  actionpack (4.2.6) lib/action_controller/metal.rb:196:in `dispatch'
  actionpack (4.2.6) lib/action_controller/metal/rack_delegation.rb:13:in `dispatch'
  actionpack (4.2.6) lib/action_controller/metal.rb:237:in `block in action'
  actionpack (4.2.6) lib/action_dispatch/routing/route_set.rb:74:in `dispatch'
  actionpack (4.2.6) lib/action_dispatch/routing/route_set.rb:43:in `serve'
  actionpack (4.2.6) lib/action_dispatch/journey/router.rb:43:in `block in serve'
  actionpack (4.2.6) lib/action_dispatch/journey/router.rb:30:in `serve'
  actionpack (4.2.6) lib/action_dispatch/routing/route_set.rb:817:in `call'
  rack (1.6.4) lib/rack/etag.rb:24:in `call'
  rack (1.6.4) lib/rack/conditionalget.rb:25:in `call'
  rack (1.6.4) lib/rack/head.rb:13:in `call'
  actionpack (4.2.6) lib/action_dispatch/middleware/params_parser.rb:27:in `call'
  actionpack (4.2.6) lib/action_dispatch/middleware/flash.rb:260:in `call'
  rack (1.6.4) lib/rack/session/abstract/id.rb:225:in `context'
  rack (1.6.4) lib/rack/session/abstract/id.rb:220:in `call'
  actionpack (4.2.6) lib/action_dispatch/middleware/cookies.rb:560:in `call'
  activerecord (4.2.6) lib/active_record/query_cache.rb:36:in `call'
  activerecord (4.2.6) lib/active_record/connection_adapters/abstract/connection_pool.rb:653:in `call'
  activerecord (4.2.6) lib/active_record/migration.rb:377:in `call'
  actionpack (4.2.6) lib/action_dispatch/middleware/callbacks.rb:29:in `block in call'
  activesupport (4.2.6) lib/active_support/callbacks.rb:88:in `__run_callbacks__'
  activesupport (4.2.6) lib/active_support/callbacks.rb:778:in `_run_call_callbacks'
  activesupport (4.2.6) lib/active_support/callbacks.rb:81:in `run_callbacks'
  actionpack (4.2.6) lib/action_dispatch/middleware/callbacks.rb:27:in `call'
  actionpack (4.2.6) lib/action_dispatch/middleware/reloader.rb:73:in `call'
  actionpack (4.2.6) lib/action_dispatch/middleware/remote_ip.rb:78:in `call'
  better_errors (2.1.1) lib/better_errors/middleware.rb:84:in `protected_app_call'
  better_errors (2.1.1) lib/better_errors/middleware.rb:79:in `better_errors_call'
  better_errors (2.1.1) lib/better_errors/middleware.rb:57:in `call'
  actionpack (4.2.6) lib/action_dispatch/middleware/debug_exceptions.rb:17:in `call'
  web-console (2.3.0) lib/web_console/middleware.rb:28:in `block in call'
  web-console (2.3.0) lib/web_console/middleware.rb:18:in `call'
  actionpack (4.2.6) lib/action_dispatch/middleware/show_exceptions.rb:30:in `call'
  railties (4.2.6) lib/rails/rack/logger.rb:38:in `call_app'
  railties (4.2.6) lib/rails/rack/logger.rb:20:in `block in call'
  activesupport (4.2.6) lib/active_support/tagged_logging.rb:68:in `block in tagged'
  activesupport (4.2.6) lib/active_support/tagged_logging.rb:26:in `tagged'
  activesupport (4.2.6) lib/active_support/tagged_logging.rb:68:in `tagged'
  railties (4.2.6) lib/rails/rack/logger.rb:20:in `call'
  actionpack (4.2.6) lib/action_dispatch/middleware/request_id.rb:21:in `call'
  rack (1.6.4) lib/rack/methodoverride.rb:22:in `call'
  rack (1.6.4) lib/rack/runtime.rb:18:in `call'
  activesupport (4.2.6) lib/active_support/cache/strategy/local_cache_middleware.rb:28:in `call'
  rack (1.6.4) lib/rack/lock.rb:17:in `call'
  actionpack (4.2.6) lib/action_dispatch/middleware/static.rb:120:in `call'
  rack (1.6.4) lib/rack/sendfile.rb:113:in `call'
  railties (4.2.6) lib/rails/engine.rb:518:in `call'
  railties (4.2.6) lib/rails/application.rb:165:in `call'
  rack (1.6.4) lib/rack/lock.rb:17:in `call'
  rack (1.6.4) lib/rack/content_length.rb:15:in `call'
  rack (1.6.4) lib/rack/handler/webrick.rb:88:in `service'
  /Users/abadjoanne/.rvm/rubies/ruby-2.3.0/lib/ruby/2.3.0/webrick/httpserver.rb:140:in `service'
  /Users/abadjoanne/.rvm/rubies/ruby-2.3.0/lib/ruby/2.3.0/webrick/httpserver.rb:96:in `run'
  /Users/abadjoanne/.rvm/rubies/ruby-2.3.0/lib/ruby/2.3.0/webrick/server.rb:296:in `block in start_thread'



Started POST "/__better_errors/7fc72e4f22b75f2b/variables" for ::1 at 2016-06-02 16:06:31 -0700
  [1m[35mPost Load (0.4ms)[0m  SELECT "posts".* FROM "posts" WHERE "posts"."beauty_post" = $1  [["beauty_post", "t"]]


Started GET "/beauty/posts" for ::1 at 2016-06-02 16:06:42 -0700
Processing by PostsController#index_beauty as HTML
  [1m[36mUser Load (0.6ms)[0m  [1mSELECT  "users".* FROM "users" WHERE "users"."id" = $1 LIMIT 1[0m  [["id", 8]]
  [1m[35mPost Load (0.7ms)[0m  SELECT "posts".* FROM "posts" WHERE "posts"."beauty_post" = $1  ORDER BY "posts"."created_at" DESC  [["beauty_post", "t"]]
  [1m[36mPost Load (0.3ms)[0m  [1mSELECT "posts".* FROM "posts" WHERE "posts"."beauty_post" = $1[0m  [["beauty_post", "t"]]
  Rendered posts/index_beauty.html.erb within layouts/application (391.3ms)
Completed 500 Internal Server Error in 433ms (ActiveRecord: 2.1ms)

NameError - undefined local variable or method `user' for #<#<Class:0x007f9f0a932af0>:0x007f9f09ceb2b0>:
  app/views/posts/index_beauty.html.erb:41:in `block in _app_views_posts_index_beauty_html_erb__1716218746201653723_70160520531500'
  activerecord (4.2.6) lib/active_record/relation/delegation.rb:46:in `each'
  app/views/posts/index_beauty.html.erb:16:in `_app_views_posts_index_beauty_html_erb__1716218746201653723_70160520531500'
  actionview (4.2.6) lib/action_view/template.rb:145:in `block in render'
  activesupport (4.2.6) lib/active_support/notifications.rb:166:in `instrument'
  actionview (4.2.6) lib/action_view/template.rb:333:in `instrument'
  actionview (4.2.6) lib/action_view/template.rb:143:in `render'
  actionview (4.2.6) lib/action_view/renderer/template_renderer.rb:54:in `block (2 levels) in render_template'
  actionview (4.2.6) lib/action_view/renderer/abstract_renderer.rb:39:in `block in instrument'
  activesupport (4.2.6) lib/active_support/notifications.rb:164:in `block in instrument'
  activesupport (4.2.6) lib/active_support/notifications/instrumenter.rb:20:in `instrument'
  activesupport (4.2.6) lib/active_support/notifications.rb:164:in `instrument'
  actionview (4.2.6) lib/action_view/renderer/abstract_renderer.rb:39:in `instrument'
  actionview (4.2.6) lib/action_view/renderer/template_renderer.rb:53:in `block in render_template'
  actionview (4.2.6) lib/action_view/renderer/template_renderer.rb:61:in `render_with_layout'
  actionview (4.2.6) lib/action_view/renderer/template_renderer.rb:52:in `render_template'
  actionview (4.2.6) lib/action_view/renderer/template_renderer.rb:14:in `render'
  actionview (4.2.6) lib/action_view/renderer/renderer.rb:46:in `render_template'
  actionview (4.2.6) lib/action_view/renderer/renderer.rb:27:in `render'
  actionview (4.2.6) lib/action_view/rendering.rb:100:in `_render_template'
  actionpack (4.2.6) lib/action_controller/metal/streaming.rb:217:in `_render_template'
  actionview (4.2.6) lib/action_view/rendering.rb:83:in `render_to_body'
  actionpack (4.2.6) lib/action_controller/metal/rendering.rb:32:in `render_to_body'
  actionpack (4.2.6) lib/action_controller/metal/renderers.rb:37:in `render_to_body'
  actionpack (4.2.6) lib/abstract_controller/rendering.rb:25:in `render'
  actionpack (4.2.6) lib/action_controller/metal/rendering.rb:16:in `render'
  actionpack (4.2.6) lib/action_controller/metal/instrumentation.rb:44:in `block (2 levels) in render'
  activesupport (4.2.6) lib/active_support/core_ext/benchmark.rb:12:in `block in ms'
  /Users/abadjoanne/.rvm/rubies/ruby-2.3.0/lib/ruby/2.3.0/benchmark.rb:308:in `realtime'
  activesupport (4.2.6) lib/active_support/core_ext/benchmark.rb:12:in `ms'
  actionpack (4.2.6) lib/action_controller/metal/instrumentation.rb:44:in `block in render'
  actionpack (4.2.6) lib/action_controller/metal/instrumentation.rb:87:in `cleanup_view_runtime'
  activerecord (4.2.6) lib/active_record/railties/controller_runtime.rb:25:in `cleanup_view_runtime'
  actionpack (4.2.6) lib/action_controller/metal/instrumentation.rb:43:in `render'
  actionpack (4.2.6) lib/action_controller/metal/implicit_render.rb:10:in `default_render'
  actionpack (4.2.6) lib/action_controller/metal/implicit_render.rb:5:in `send_action'
  actionpack (4.2.6) lib/abstract_controller/base.rb:198:in `process_action'
  actionpack (4.2.6) lib/action_controller/metal/rendering.rb:10:in `process_action'
  actionpack (4.2.6) lib/abstract_controller/callbacks.rb:20:in `block in process_action'
  activesupport (4.2.6) lib/active_support/callbacks.rb:117:in `call'
  activesupport (4.2.6) lib/active_support/callbacks.rb:555:in `block (2 levels) in compile'
  activesupport (4.2.6) lib/active_support/callbacks.rb:505:in `call'
  activesupport (4.2.6) lib/active_support/callbacks.rb:92:in `__run_callbacks__'
  activesupport (4.2.6) lib/active_support/callbacks.rb:778:in `_run_process_action_callbacks'
  activesupport (4.2.6) lib/active_support/callbacks.rb:81:in `run_callbacks'
  actionpack (4.2.6) lib/abstract_controller/callbacks.rb:19:in `process_action'
  actionpack (4.2.6) lib/action_controller/metal/rescue.rb:29:in `process_action'
  actionpack (4.2.6) lib/action_controller/metal/instrumentation.rb:32:in `block in process_action'
  activesupport (4.2.6) lib/active_support/notifications.rb:164:in `block in instrument'
  activesupport (4.2.6) lib/active_support/notifications/instrumenter.rb:20:in `instrument'
  activesupport (4.2.6) lib/active_support/notifications.rb:164:in `instrument'
  actionpack (4.2.6) lib/action_controller/metal/instrumentation.rb:30:in `process_action'
  actionpack (4.2.6) lib/action_controller/metal/params_wrapper.rb:250:in `process_action'
  activerecord (4.2.6) lib/active_record/railties/controller_runtime.rb:18:in `process_action'
  actionpack (4.2.6) lib/abstract_controller/base.rb:137:in `process'
  actionview (4.2.6) lib/action_view/rendering.rb:30:in `process'
  actionpack (4.2.6) lib/action_controller/metal.rb:196:in `dispatch'
  actionpack (4.2.6) lib/action_controller/metal/rack_delegation.rb:13:in `dispatch'
  actionpack (4.2.6) lib/action_controller/metal.rb:237:in `block in action'
  actionpack (4.2.6) lib/action_dispatch/routing/route_set.rb:74:in `dispatch'
  actionpack (4.2.6) lib/action_dispatch/routing/route_set.rb:43:in `serve'
  actionpack (4.2.6) lib/action_dispatch/journey/router.rb:43:in `block in serve'
  actionpack (4.2.6) lib/action_dispatch/journey/router.rb:30:in `serve'
  actionpack (4.2.6) lib/action_dispatch/routing/route_set.rb:817:in `call'
  rack (1.6.4) lib/rack/etag.rb:24:in `call'
  rack (1.6.4) lib/rack/conditionalget.rb:25:in `call'
  rack (1.6.4) lib/rack/head.rb:13:in `call'
  actionpack (4.2.6) lib/action_dispatch/middleware/params_parser.rb:27:in `call'
  actionpack (4.2.6) lib/action_dispatch/middleware/flash.rb:260:in `call'
  rack (1.6.4) lib/rack/session/abstract/id.rb:225:in `context'
  rack (1.6.4) lib/rack/session/abstract/id.rb:220:in `call'
  actionpack (4.2.6) lib/action_dispatch/middleware/cookies.rb:560:in `call'
  activerecord (4.2.6) lib/active_record/query_cache.rb:36:in `call'
  activerecord (4.2.6) lib/active_record/connection_adapters/abstract/connection_pool.rb:653:in `call'
  activerecord (4.2.6) lib/active_record/migration.rb:377:in `call'
  actionpack (4.2.6) lib/action_dispatch/middleware/callbacks.rb:29:in `block in call'
  activesupport (4.2.6) lib/active_support/callbacks.rb:88:in `__run_callbacks__'
  activesupport (4.2.6) lib/active_support/callbacks.rb:778:in `_run_call_callbacks'
  activesupport (4.2.6) lib/active_support/callbacks.rb:81:in `run_callbacks'
  actionpack (4.2.6) lib/action_dispatch/middleware/callbacks.rb:27:in `call'
  actionpack (4.2.6) lib/action_dispatch/middleware/reloader.rb:73:in `call'
  actionpack (4.2.6) lib/action_dispatch/middleware/remote_ip.rb:78:in `call'
  better_errors (2.1.1) lib/better_errors/middleware.rb:84:in `protected_app_call'
  better_errors (2.1.1) lib/better_errors/middleware.rb:79:in `better_errors_call'
  better_errors (2.1.1) lib/better_errors/middleware.rb:57:in `call'
  actionpack (4.2.6) lib/action_dispatch/middleware/debug_exceptions.rb:17:in `call'
  web-console (2.3.0) lib/web_console/middleware.rb:28:in `block in call'
  web-console (2.3.0) lib/web_console/middleware.rb:18:in `call'
  actionpack (4.2.6) lib/action_dispatch/middleware/show_exceptions.rb:30:in `call'
  railties (4.2.6) lib/rails/rack/logger.rb:38:in `call_app'
  railties (4.2.6) lib/rails/rack/logger.rb:20:in `block in call'
  activesupport (4.2.6) lib/active_support/tagged_logging.rb:68:in `block in tagged'
  activesupport (4.2.6) lib/active_support/tagged_logging.rb:26:in `tagged'
  activesupport (4.2.6) lib/active_support/tagged_logging.rb:68:in `tagged'
  railties (4.2.6) lib/rails/rack/logger.rb:20:in `call'
  actionpack (4.2.6) lib/action_dispatch/middleware/request_id.rb:21:in `call'
  rack (1.6.4) lib/rack/methodoverride.rb:22:in `call'
  rack (1.6.4) lib/rack/runtime.rb:18:in `call'
  activesupport (4.2.6) lib/active_support/cache/strategy/local_cache_middleware.rb:28:in `call'
  rack (1.6.4) lib/rack/lock.rb:17:in `call'
  actionpack (4.2.6) lib/action_dispatch/middleware/static.rb:120:in `call'
  rack (1.6.4) lib/rack/sendfile.rb:113:in `call'
  railties (4.2.6) lib/rails/engine.rb:518:in `call'
  railties (4.2.6) lib/rails/application.rb:165:in `call'
  rack (1.6.4) lib/rack/lock.rb:17:in `call'
  rack (1.6.4) lib/rack/content_length.rb:15:in `call'
  rack (1.6.4) lib/rack/handler/webrick.rb:88:in `service'
  /Users/abadjoanne/.rvm/rubies/ruby-2.3.0/lib/ruby/2.3.0/webrick/httpserver.rb:140:in `service'
  /Users/abadjoanne/.rvm/rubies/ruby-2.3.0/lib/ruby/2.3.0/webrick/httpserver.rb:96:in `run'
  /Users/abadjoanne/.rvm/rubies/ruby-2.3.0/lib/ruby/2.3.0/webrick/server.rb:296:in `block in start_thread'



Started POST "/__better_errors/1328b30f98df9dbe/variables" for ::1 at 2016-06-02 16:06:43 -0700


Started GET "/" for ::1 at 2016-06-02 16:07:41 -0700
Processing by SplashController#index as HTML
  Rendered splash/index.html.erb within layouts/application (81.6ms)
  [1m[35mUser Load (2.4ms)[0m  SELECT  "users".* FROM "users" WHERE "users"."id" = $1 LIMIT 1  [["id", 8]]
Completed 200 OK in 2505ms (Views: 2500.7ms | ActiveRecord: 2.4ms)


Started GET "/beauty/posts" for ::1 at 2016-06-02 16:07:46 -0700
Processing by PostsController#index_beauty as HTML
  [1m[36mUser Load (0.5ms)[0m  [1mSELECT  "users".* FROM "users" WHERE "users"."id" = $1 LIMIT 1[0m  [["id", 8]]
  [1m[35mPost Load (0.5ms)[0m  SELECT "posts".* FROM "posts" WHERE "posts"."beauty_post" = $1  ORDER BY "posts"."created_at" DESC  [["beauty_post", "t"]]
  Rendered posts/index_beauty.html.erb within layouts/application (7.8ms)
Completed 200 OK in 290ms (Views: 288.0ms | ActiveRecord: 0.9ms)


Started GET "/users/8" for ::1 at 2016-06-02 16:07:49 -0700
Processing by UsersController#show as HTML
  Parameters: {"id"=>"8"}
  [1m[36mUser Load (0.4ms)[0m  [1mSELECT  "users".* FROM "users" WHERE "users"."id" = $1 LIMIT 1[0m  [["id", 8]]
  Rendered users/show.html.erb within layouts/application (3.4ms)
  [1m[35mUser Load (0.4ms)[0m  SELECT  "users".* FROM "users" WHERE "users"."id" = $1 LIMIT 1  [["id", 8]]
Completed 200 OK in 282ms (Views: 279.5ms | ActiveRecord: 0.7ms)


Started GET "/users/8" for ::1 at 2016-06-02 16:08:15 -0700
Processing by UsersController#show as HTML
  Parameters: {"id"=>"8"}
  [1m[36mUser Load (2.2ms)[0m  [1mSELECT  "users".* FROM "users" WHERE "users"."id" = $1 LIMIT 1[0m  [["id", 8]]
  Rendered users/show.html.erb within layouts/application (308.5ms)
  [1m[35mUser Load (0.4ms)[0m  SELECT  "users".* FROM "users" WHERE "users"."id" = $1 LIMIT 1  [["id", 8]]
Completed 200 OK in 6277ms (Views: 6252.5ms | ActiveRecord: 2.6ms)


Started GET "/posts/97" for ::1 at 2016-06-02 16:08:31 -0700
Processing by PostsController#show as HTML
  Parameters: {"id"=>"97"}
  [1m[36mPost Load (0.8ms)[0m  [1mSELECT  "posts".* FROM "posts" WHERE "posts"."id" = $1 LIMIT 1[0m  [["id", 97]]
  [1m[35mUser Load (0.2ms)[0m  SELECT  "users".* FROM "users" WHERE "users"."id" = $1 LIMIT 1  [["id", 8]]
  [1m[36mUser Load (0.3ms)[0m  [1mSELECT  "users".* FROM "users" WHERE "users"."id" = $1 LIMIT 1[0m  [["id", 6]]
  Rendered posts/show.html.erb within layouts/application (81.9ms)
Completed 200 OK in 649ms (Views: 565.3ms | ActiveRecord: 77.6ms)


Started GET "/posts/100" for ::1 at 2016-06-02 16:08:37 -0700
Processing by PostsController#show as HTML
  Parameters: {"id"=>"100"}
  [1m[35mPost Load (0.4ms)[0m  SELECT  "posts".* FROM "posts" WHERE "posts"."id" = $1 LIMIT 1  [["id", 100]]
  [1m[36mUser Load (0.2ms)[0m  [1mSELECT  "users".* FROM "users" WHERE "users"."id" = $1 LIMIT 1[0m  [["id", 8]]
  [1m[35mCACHE (0.0ms)[0m  SELECT  "users".* FROM "users" WHERE "users"."id" = $1 LIMIT 1  [["id", 8]]
  Rendered posts/show.html.erb within layouts/application (1.8ms)
Completed 200 OK in 279ms (Views: 276.1ms | ActiveRecord: 0.7ms)


Started GET "/users/8" for ::1 at 2016-06-02 16:09:01 -0700
Processing by UsersController#show as HTML
  Parameters: {"id"=>"8"}
  [1m[36mUser Load (0.3ms)[0m  [1mSELECT  "users".* FROM "users" WHERE "users"."id" = $1 LIMIT 1[0m  [["id", 8]]
  Rendered users/show.html.erb within layouts/application (12.0ms)
  [1m[35mUser Load (0.3ms)[0m  SELECT  "users".* FROM "users" WHERE "users"."id" = $1 LIMIT 1  [["id", 8]]
Completed 200 OK in 639ms (Views: 636.8ms | ActiveRecord: 0.6ms)


Started GET "/beauty/posts" for ::1 at 2016-06-02 16:09:22 -0700
Processing by PostsController#index_beauty as HTML
  [1m[36mUser Load (0.4ms)[0m  [1mSELECT  "users".* FROM "users" WHERE "users"."id" = $1 LIMIT 1[0m  [["id", 8]]
  [1m[35mPost Load (0.5ms)[0m  SELECT "posts".* FROM "posts" WHERE "posts"."beauty_post" = $1  ORDER BY "posts"."created_at" DESC  [["beauty_post", "t"]]
  Rendered posts/index_beauty.html.erb within layouts/application (30.6ms)
Completed 500 Internal Server Error in 54ms (ActiveRecord: 0.9ms)

ActionController::UrlGenerationError - No route matches {:action=>"show", :controller=>"users", :id=>nil} missing required keys: [:id]:
  actionpack (4.2.6) lib/action_dispatch/routing/route_set.rb:259:in `raise_generation_error'
  actionpack (4.2.6) lib/action_dispatch/routing/route_set.rb:234:in `optimized_helper'
  actionpack (4.2.6) lib/action_dispatch/routing/route_set.rb:220:in `call'
  actionpack (4.2.6) lib/action_dispatch/routing/route_set.rb:345:in `block (2 levels) in define_url_helper'
  app/views/posts/index_beauty.html.erb:41:in `block in _app_views_posts_index_beauty_html_erb__1716218746201653723_70160521075660'
  activerecord (4.2.6) lib/active_record/relation/delegation.rb:46:in `each'
  app/views/posts/index_beauty.html.erb:16:in `_app_views_posts_index_beauty_html_erb__1716218746201653723_70160521075660'
  actionview (4.2.6) lib/action_view/template.rb:145:in `block in render'
  activesupport (4.2.6) lib/active_support/notifications.rb:166:in `instrument'
  actionview (4.2.6) lib/action_view/template.rb:333:in `instrument'
  actionview (4.2.6) lib/action_view/template.rb:143:in `render'
  actionview (4.2.6) lib/action_view/renderer/template_renderer.rb:54:in `block (2 levels) in render_template'
  actionview (4.2.6) lib/action_view/renderer/abstract_renderer.rb:39:in `block in instrument'
  activesupport (4.2.6) lib/active_support/notifications.rb:164:in `block in instrument'
  activesupport (4.2.6) lib/active_support/notifications/instrumenter.rb:20:in `instrument'
  activesupport (4.2.6) lib/active_support/notifications.rb:164:in `instrument'
  actionview (4.2.6) lib/action_view/renderer/abstract_renderer.rb:39:in `instrument'
  actionview (4.2.6) lib/action_view/renderer/template_renderer.rb:53:in `block in render_template'
  actionview (4.2.6) lib/action_view/renderer/template_renderer.rb:61:in `render_with_layout'
  actionview (4.2.6) lib/action_view/renderer/template_renderer.rb:52:in `render_template'
  actionview (4.2.6) lib/action_view/renderer/template_renderer.rb:14:in `render'
  actionview (4.2.6) lib/action_view/renderer/renderer.rb:46:in `render_template'
  actionview (4.2.6) lib/action_view/renderer/renderer.rb:27:in `render'
  actionview (4.2.6) lib/action_view/rendering.rb:100:in `_render_template'
  actionpack (4.2.6) lib/action_controller/metal/streaming.rb:217:in `_render_template'
  actionview (4.2.6) lib/action_view/rendering.rb:83:in `render_to_body'
  actionpack (4.2.6) lib/action_controller/metal/rendering.rb:32:in `render_to_body'
  actionpack (4.2.6) lib/action_controller/metal/renderers.rb:37:in `render_to_body'
  actionpack (4.2.6) lib/abstract_controller/rendering.rb:25:in `render'
  actionpack (4.2.6) lib/action_controller/metal/rendering.rb:16:in `render'
  actionpack (4.2.6) lib/action_controller/metal/instrumentation.rb:44:in `block (2 levels) in render'
  activesupport (4.2.6) lib/active_support/core_ext/benchmark.rb:12:in `block in ms'
  /Users/abadjoanne/.rvm/rubies/ruby-2.3.0/lib/ruby/2.3.0/benchmark.rb:308:in `realtime'
  activesupport (4.2.6) lib/active_support/core_ext/benchmark.rb:12:in `ms'
  actionpack (4.2.6) lib/action_controller/metal/instrumentation.rb:44:in `block in render'
  actionpack (4.2.6) lib/action_controller/metal/instrumentation.rb:87:in `cleanup_view_runtime'
  activerecord (4.2.6) lib/active_record/railties/controller_runtime.rb:25:in `cleanup_view_runtime'
  actionpack (4.2.6) lib/action_controller/metal/instrumentation.rb:43:in `render'
  actionpack (4.2.6) lib/action_controller/metal/implicit_render.rb:10:in `default_render'
  actionpack (4.2.6) lib/action_controller/metal/implicit_render.rb:5:in `send_action'
  actionpack (4.2.6) lib/abstract_controller/base.rb:198:in `process_action'
  actionpack (4.2.6) lib/action_controller/metal/rendering.rb:10:in `process_action'
  actionpack (4.2.6) lib/abstract_controller/callbacks.rb:20:in `block in process_action'
  activesupport (4.2.6) lib/active_support/callbacks.rb:117:in `call'
  activesupport (4.2.6) lib/active_support/callbacks.rb:555:in `block (2 levels) in compile'
  activesupport (4.2.6) lib/active_support/callbacks.rb:505:in `call'
  activesupport (4.2.6) lib/active_support/callbacks.rb:92:in `__run_callbacks__'
  activesupport (4.2.6) lib/active_support/callbacks.rb:778:in `_run_process_action_callbacks'
  activesupport (4.2.6) lib/active_support/callbacks.rb:81:in `run_callbacks'
  actionpack (4.2.6) lib/abstract_controller/callbacks.rb:19:in `process_action'
  actionpack (4.2.6) lib/action_controller/metal/rescue.rb:29:in `process_action'
  actionpack (4.2.6) lib/action_controller/metal/instrumentation.rb:32:in `block in process_action'
  activesupport (4.2.6) lib/active_support/notifications.rb:164:in `block in instrument'
  activesupport (4.2.6) lib/active_support/notifications/instrumenter.rb:20:in `instrument'
  activesupport (4.2.6) lib/active_support/notifications.rb:164:in `instrument'
  actionpack (4.2.6) lib/action_controller/metal/instrumentation.rb:30:in `process_action'
  actionpack (4.2.6) lib/action_controller/metal/params_wrapper.rb:250:in `process_action'
  activerecord (4.2.6) lib/active_record/railties/controller_runtime.rb:18:in `process_action'
  actionpack (4.2.6) lib/abstract_controller/base.rb:137:in `process'
  actionview (4.2.6) lib/action_view/rendering.rb:30:in `process'
  actionpack (4.2.6) lib/action_controller/metal.rb:196:in `dispatch'
  actionpack (4.2.6) lib/action_controller/metal/rack_delegation.rb:13:in `dispatch'
  actionpack (4.2.6) lib/action_controller/metal.rb:237:in `block in action'
  actionpack (4.2.6) lib/action_dispatch/routing/route_set.rb:74:in `dispatch'
  actionpack (4.2.6) lib/action_dispatch/routing/route_set.rb:43:in `serve'
  actionpack (4.2.6) lib/action_dispatch/journey/router.rb:43:in `block in serve'
  actionpack (4.2.6) lib/action_dispatch/journey/router.rb:30:in `serve'
  actionpack (4.2.6) lib/action_dispatch/routing/route_set.rb:817:in `call'
  rack (1.6.4) lib/rack/etag.rb:24:in `call'
  rack (1.6.4) lib/rack/conditionalget.rb:25:in `call'
  rack (1.6.4) lib/rack/head.rb:13:in `call'
  actionpack (4.2.6) lib/action_dispatch/middleware/params_parser.rb:27:in `call'
  actionpack (4.2.6) lib/action_dispatch/middleware/flash.rb:260:in `call'
  rack (1.6.4) lib/rack/session/abstract/id.rb:225:in `context'
  rack (1.6.4) lib/rack/session/abstract/id.rb:220:in `call'
  actionpack (4.2.6) lib/action_dispatch/middleware/cookies.rb:560:in `call'
  activerecord (4.2.6) lib/active_record/query_cache.rb:36:in `call'
  activerecord (4.2.6) lib/active_record/connection_adapters/abstract/connection_pool.rb:653:in `call'
  activerecord (4.2.6) lib/active_record/migration.rb:377:in `call'
  actionpack (4.2.6) lib/action_dispatch/middleware/callbacks.rb:29:in `block in call'
  activesupport (4.2.6) lib/active_support/callbacks.rb:88:in `__run_callbacks__'
  activesupport (4.2.6) lib/active_support/callbacks.rb:778:in `_run_call_callbacks'
  activesupport (4.2.6) lib/active_support/callbacks.rb:81:in `run_callbacks'
  actionpack (4.2.6) lib/action_dispatch/middleware/callbacks.rb:27:in `call'
  actionpack (4.2.6) lib/action_dispatch/middleware/reloader.rb:73:in `call'
  actionpack (4.2.6) lib/action_dispatch/middleware/remote_ip.rb:78:in `call'
  better_errors (2.1.1) lib/better_errors/middleware.rb:84:in `protected_app_call'
  better_errors (2.1.1) lib/better_errors/middleware.rb:79:in `better_errors_call'
  better_errors (2.1.1) lib/better_errors/middleware.rb:57:in `call'
  actionpack (4.2.6) lib/action_dispatch/middleware/debug_exceptions.rb:17:in `call'
  web-console (2.3.0) lib/web_console/middleware.rb:28:in `block in call'
  web-console (2.3.0) lib/web_console/middleware.rb:18:in `call'
  actionpack (4.2.6) lib/action_dispatch/middleware/show_exceptions.rb:30:in `call'
  railties (4.2.6) lib/rails/rack/logger.rb:38:in `call_app'
  railties (4.2.6) lib/rails/rack/logger.rb:20:in `block in call'
  activesupport (4.2.6) lib/active_support/tagged_logging.rb:68:in `block in tagged'
  activesupport (4.2.6) lib/active_support/tagged_logging.rb:26:in `tagged'
  activesupport (4.2.6) lib/active_support/tagged_logging.rb:68:in `tagged'
  railties (4.2.6) lib/rails/rack/logger.rb:20:in `call'
  actionpack (4.2.6) lib/action_dispatch/middleware/request_id.rb:21:in `call'
  rack (1.6.4) lib/rack/methodoverride.rb:22:in `call'
  rack (1.6.4) lib/rack/runtime.rb:18:in `call'
  activesupport (4.2.6) lib/active_support/cache/strategy/local_cache_middleware.rb:28:in `call'
  rack (1.6.4) lib/rack/lock.rb:17:in `call'
  actionpack (4.2.6) lib/action_dispatch/middleware/static.rb:120:in `call'
  rack (1.6.4) lib/rack/sendfile.rb:113:in `call'
  railties (4.2.6) lib/rails/engine.rb:518:in `call'
  railties (4.2.6) lib/rails/application.rb:165:in `call'
  rack (1.6.4) lib/rack/lock.rb:17:in `call'
  rack (1.6.4) lib/rack/content_length.rb:15:in `call'
  rack (1.6.4) lib/rack/handler/webrick.rb:88:in `service'
  /Users/abadjoanne/.rvm/rubies/ruby-2.3.0/lib/ruby/2.3.0/webrick/httpserver.rb:140:in `service'
  /Users/abadjoanne/.rvm/rubies/ruby-2.3.0/lib/ruby/2.3.0/webrick/httpserver.rb:96:in `run'
  /Users/abadjoanne/.rvm/rubies/ruby-2.3.0/lib/ruby/2.3.0/webrick/server.rb:296:in `block in start_thread'



Started POST "/__better_errors/d4d767e8e8506915/variables" for ::1 at 2016-06-02 16:09:22 -0700
  [1m[36mPost Load (4.7ms)[0m  [1mSELECT "posts".* FROM "posts" WHERE "posts"."beauty_post" = $1[0m  [["beauty_post", "t"]]


Started GET "/" for ::1 at 2016-06-02 16:09:40 -0700
Processing by SplashController#index as HTML
  Rendered splash/index.html.erb within layouts/application (16.7ms)
  [1m[35mUser Load (0.4ms)[0m  SELECT  "users".* FROM "users" WHERE "users"."id" = $1 LIMIT 1  [["id", 8]]
Completed 200 OK in 692ms (Views: 690.0ms | ActiveRecord: 0.4ms)


Started GET "/beauty/posts" for ::1 at 2016-06-02 16:09:46 -0700
Processing by PostsController#index_beauty as HTML
  [1m[36mUser Load (1.2ms)[0m  [1mSELECT  "users".* FROM "users" WHERE "users"."id" = $1 LIMIT 1[0m  [["id", 8]]
  [1m[35mPost Load (0.4ms)[0m  SELECT "posts".* FROM "posts" WHERE "posts"."beauty_post" = $1  ORDER BY "posts"."created_at" DESC  [["beauty_post", "t"]]
  [1m[36mPost Load (0.4ms)[0m  [1mSELECT "posts".* FROM "posts" WHERE "posts"."beauty_post" = $1[0m  [["beauty_post", "t"]]
  Rendered posts/index_beauty.html.erb within layouts/application (74.7ms)
Completed 500 Internal Server Error in 110ms (ActiveRecord: 2.0ms)

NameError - undefined local variable or method `user' for #<#<Class:0x007f9f0a932af0>:0x007f9f093d8fb0>:
  app/views/posts/index_beauty.html.erb:41:in `block in _app_views_posts_index_beauty_html_erb__1716218746201653723_70160518643100'
  activerecord (4.2.6) lib/active_record/relation/delegation.rb:46:in `each'
  app/views/posts/index_beauty.html.erb:16:in `_app_views_posts_index_beauty_html_erb__1716218746201653723_70160518643100'
  actionview (4.2.6) lib/action_view/template.rb:145:in `block in render'
  activesupport (4.2.6) lib/active_support/notifications.rb:166:in `instrument'
  actionview (4.2.6) lib/action_view/template.rb:333:in `instrument'
  actionview (4.2.6) lib/action_view/template.rb:143:in `render'
  actionview (4.2.6) lib/action_view/renderer/template_renderer.rb:54:in `block (2 levels) in render_template'
  actionview (4.2.6) lib/action_view/renderer/abstract_renderer.rb:39:in `block in instrument'
  activesupport (4.2.6) lib/active_support/notifications.rb:164:in `block in instrument'
  activesupport (4.2.6) lib/active_support/notifications/instrumenter.rb:20:in `instrument'
  activesupport (4.2.6) lib/active_support/notifications.rb:164:in `instrument'
  actionview (4.2.6) lib/action_view/renderer/abstract_renderer.rb:39:in `instrument'
  actionview (4.2.6) lib/action_view/renderer/template_renderer.rb:53:in `block in render_template'
  actionview (4.2.6) lib/action_view/renderer/template_renderer.rb:61:in `render_with_layout'
  actionview (4.2.6) lib/action_view/renderer/template_renderer.rb:52:in `render_template'
  actionview (4.2.6) lib/action_view/renderer/template_renderer.rb:14:in `render'
  actionview (4.2.6) lib/action_view/renderer/renderer.rb:46:in `render_template'
  actionview (4.2.6) lib/action_view/renderer/renderer.rb:27:in `render'
  actionview (4.2.6) lib/action_view/rendering.rb:100:in `_render_template'
  actionpack (4.2.6) lib/action_controller/metal/streaming.rb:217:in `_render_template'
  actionview (4.2.6) lib/action_view/rendering.rb:83:in `render_to_body'
  actionpack (4.2.6) lib/action_controller/metal/rendering.rb:32:in `render_to_body'
  actionpack (4.2.6) lib/action_controller/metal/renderers.rb:37:in `render_to_body'
  actionpack (4.2.6) lib/abstract_controller/rendering.rb:25:in `render'
  actionpack (4.2.6) lib/action_controller/metal/rendering.rb:16:in `render'
  actionpack (4.2.6) lib/action_controller/metal/instrumentation.rb:44:in `block (2 levels) in render'
  activesupport (4.2.6) lib/active_support/core_ext/benchmark.rb:12:in `block in ms'
  /Users/abadjoanne/.rvm/rubies/ruby-2.3.0/lib/ruby/2.3.0/benchmark.rb:308:in `realtime'
  activesupport (4.2.6) lib/active_support/core_ext/benchmark.rb:12:in `ms'
  actionpack (4.2.6) lib/action_controller/metal/instrumentation.rb:44:in `block in render'
  actionpack (4.2.6) lib/action_controller/metal/instrumentation.rb:87:in `cleanup_view_runtime'
  activerecord (4.2.6) lib/active_record/railties/controller_runtime.rb:25:in `cleanup_view_runtime'
  actionpack (4.2.6) lib/action_controller/metal/instrumentation.rb:43:in `render'
  actionpack (4.2.6) lib/action_controller/metal/implicit_render.rb:10:in `default_render'
  actionpack (4.2.6) lib/action_controller/metal/implicit_render.rb:5:in `send_action'
  actionpack (4.2.6) lib/abstract_controller/base.rb:198:in `process_action'
  actionpack (4.2.6) lib/action_controller/metal/rendering.rb:10:in `process_action'
  actionpack (4.2.6) lib/abstract_controller/callbacks.rb:20:in `block in process_action'
  activesupport (4.2.6) lib/active_support/callbacks.rb:117:in `call'
  activesupport (4.2.6) lib/active_support/callbacks.rb:555:in `block (2 levels) in compile'
  activesupport (4.2.6) lib/active_support/callbacks.rb:505:in `call'
  activesupport (4.2.6) lib/active_support/callbacks.rb:92:in `__run_callbacks__'
  activesupport (4.2.6) lib/active_support/callbacks.rb:778:in `_run_process_action_callbacks'
  activesupport (4.2.6) lib/active_support/callbacks.rb:81:in `run_callbacks'
  actionpack (4.2.6) lib/abstract_controller/callbacks.rb:19:in `process_action'
  actionpack (4.2.6) lib/action_controller/metal/rescue.rb:29:in `process_action'
  actionpack (4.2.6) lib/action_controller/metal/instrumentation.rb:32:in `block in process_action'
  activesupport (4.2.6) lib/active_support/notifications.rb:164:in `block in instrument'
  activesupport (4.2.6) lib/active_support/notifications/instrumenter.rb:20:in `instrument'
  activesupport (4.2.6) lib/active_support/notifications.rb:164:in `instrument'
  actionpack (4.2.6) lib/action_controller/metal/instrumentation.rb:30:in `process_action'
  actionpack (4.2.6) lib/action_controller/metal/params_wrapper.rb:250:in `process_action'
  activerecord (4.2.6) lib/active_record/railties/controller_runtime.rb:18:in `process_action'
  actionpack (4.2.6) lib/abstract_controller/base.rb:137:in `process'
  actionview (4.2.6) lib/action_view/rendering.rb:30:in `process'
  actionpack (4.2.6) lib/action_controller/metal.rb:196:in `dispatch'
  actionpack (4.2.6) lib/action_controller/metal/rack_delegation.rb:13:in `dispatch'
  actionpack (4.2.6) lib/action_controller/metal.rb:237:in `block in action'
  actionpack (4.2.6) lib/action_dispatch/routing/route_set.rb:74:in `dispatch'
  actionpack (4.2.6) lib/action_dispatch/routing/route_set.rb:43:in `serve'
  actionpack (4.2.6) lib/action_dispatch/journey/router.rb:43:in `block in serve'
  actionpack (4.2.6) lib/action_dispatch/journey/router.rb:30:in `serve'
  actionpack (4.2.6) lib/action_dispatch/routing/route_set.rb:817:in `call'
  rack (1.6.4) lib/rack/etag.rb:24:in `call'
  rack (1.6.4) lib/rack/conditionalget.rb:25:in `call'
  rack (1.6.4) lib/rack/head.rb:13:in `call'
  actionpack (4.2.6) lib/action_dispatch/middleware/params_parser.rb:27:in `call'
  actionpack (4.2.6) lib/action_dispatch/middleware/flash.rb:260:in `call'
  rack (1.6.4) lib/rack/session/abstract/id.rb:225:in `context'
  rack (1.6.4) lib/rack/session/abstract/id.rb:220:in `call'
  actionpack (4.2.6) lib/action_dispatch/middleware/cookies.rb:560:in `call'
  activerecord (4.2.6) lib/active_record/query_cache.rb:36:in `call'
  activerecord (4.2.6) lib/active_record/connection_adapters/abstract/connection_pool.rb:653:in `call'
  activerecord (4.2.6) lib/active_record/migration.rb:377:in `call'
  actionpack (4.2.6) lib/action_dispatch/middleware/callbacks.rb:29:in `block in call'
  activesupport (4.2.6) lib/active_support/callbacks.rb:88:in `__run_callbacks__'
  activesupport (4.2.6) lib/active_support/callbacks.rb:778:in `_run_call_callbacks'
  activesupport (4.2.6) lib/active_support/callbacks.rb:81:in `run_callbacks'
  actionpack (4.2.6) lib/action_dispatch/middleware/callbacks.rb:27:in `call'
  actionpack (4.2.6) lib/action_dispatch/middleware/reloader.rb:73:in `call'
  actionpack (4.2.6) lib/action_dispatch/middleware/remote_ip.rb:78:in `call'
  better_errors (2.1.1) lib/better_errors/middleware.rb:84:in `protected_app_call'
  better_errors (2.1.1) lib/better_errors/middleware.rb:79:in `better_errors_call'
  better_errors (2.1.1) lib/better_errors/middleware.rb:57:in `call'
  actionpack (4.2.6) lib/action_dispatch/middleware/debug_exceptions.rb:17:in `call'
  web-console (2.3.0) lib/web_console/middleware.rb:28:in `block in call'
  web-console (2.3.0) lib/web_console/middleware.rb:18:in `call'
  actionpack (4.2.6) lib/action_dispatch/middleware/show_exceptions.rb:30:in `call'
  railties (4.2.6) lib/rails/rack/logger.rb:38:in `call_app'
  railties (4.2.6) lib/rails/rack/logger.rb:20:in `block in call'
  activesupport (4.2.6) lib/active_support/tagged_logging.rb:68:in `block in tagged'
  activesupport (4.2.6) lib/active_support/tagged_logging.rb:26:in `tagged'
  activesupport (4.2.6) lib/active_support/tagged_logging.rb:68:in `tagged'
  railties (4.2.6) lib/rails/rack/logger.rb:20:in `call'
  actionpack (4.2.6) lib/action_dispatch/middleware/request_id.rb:21:in `call'
  rack (1.6.4) lib/rack/methodoverride.rb:22:in `call'
  rack (1.6.4) lib/rack/runtime.rb:18:in `call'
  activesupport (4.2.6) lib/active_support/cache/strategy/local_cache_middleware.rb:28:in `call'
  rack (1.6.4) lib/rack/lock.rb:17:in `call'
  actionpack (4.2.6) lib/action_dispatch/middleware/static.rb:120:in `call'
  rack (1.6.4) lib/rack/sendfile.rb:113:in `call'
  railties (4.2.6) lib/rails/engine.rb:518:in `call'
  railties (4.2.6) lib/rails/application.rb:165:in `call'
  rack (1.6.4) lib/rack/lock.rb:17:in `call'
  rack (1.6.4) lib/rack/content_length.rb:15:in `call'
  rack (1.6.4) lib/rack/handler/webrick.rb:88:in `service'
  /Users/abadjoanne/.rvm/rubies/ruby-2.3.0/lib/ruby/2.3.0/webrick/httpserver.rb:140:in `service'
  /Users/abadjoanne/.rvm/rubies/ruby-2.3.0/lib/ruby/2.3.0/webrick/httpserver.rb:96:in `run'
  /Users/abadjoanne/.rvm/rubies/ruby-2.3.0/lib/ruby/2.3.0/webrick/server.rb:296:in `block in start_thread'



Started GET "/beauty/posts" for ::1 at 2016-06-02 16:09:46 -0700
Processing by PostsController#index_beauty as HTML
  [1m[35mUser Load (0.4ms)[0m  SELECT  "users".* FROM "users" WHERE "users"."id" = $1 LIMIT 1  [["id", 8]]
  [1m[36mPost Load (0.4ms)[0m  [1mSELECT "posts".* FROM "posts" WHERE "posts"."beauty_post" = $1  ORDER BY "posts"."created_at" DESC[0m  [["beauty_post", "t"]]
  [1m[35mPost Load (1.2ms)[0m  SELECT "posts".* FROM "posts" WHERE "posts"."beauty_post" = $1  [["beauty_post", "t"]]
  Rendered posts/index_beauty.html.erb within layouts/application (68.4ms)
Completed 500 Internal Server Error in 78ms (ActiveRecord: 2.0ms)

NameError - undefined local variable or method `user' for #<#<Class:0x007f9f0a932af0>:0x007f9f065aa1c0>:
  app/views/posts/index_beauty.html.erb:41:in `block in _app_views_posts_index_beauty_html_erb__1716218746201653723_70160491550840'
  activerecord (4.2.6) lib/active_record/relation/delegation.rb:46:in `each'
  app/views/posts/index_beauty.html.erb:16:in `_app_views_posts_index_beauty_html_erb__1716218746201653723_70160491550840'
  actionview (4.2.6) lib/action_view/template.rb:145:in `block in render'
  activesupport (4.2.6) lib/active_support/notifications.rb:166:in `instrument'
  actionview (4.2.6) lib/action_view/template.rb:333:in `instrument'
  actionview (4.2.6) lib/action_view/template.rb:143:in `render'
  actionview (4.2.6) lib/action_view/renderer/template_renderer.rb:54:in `block (2 levels) in render_template'
  actionview (4.2.6) lib/action_view/renderer/abstract_renderer.rb:39:in `block in instrument'
  activesupport (4.2.6) lib/active_support/notifications.rb:164:in `block in instrument'
  activesupport (4.2.6) lib/active_support/notifications/instrumenter.rb:20:in `instrument'
  activesupport (4.2.6) lib/active_support/notifications.rb:164:in `instrument'
  actionview (4.2.6) lib/action_view/renderer/abstract_renderer.rb:39:in `instrument'
  actionview (4.2.6) lib/action_view/renderer/template_renderer.rb:53:in `block in render_template'
  actionview (4.2.6) lib/action_view/renderer/template_renderer.rb:61:in `render_with_layout'
  actionview (4.2.6) lib/action_view/renderer/template_renderer.rb:52:in `render_template'
  actionview (4.2.6) lib/action_view/renderer/template_renderer.rb:14:in `render'
  actionview (4.2.6) lib/action_view/renderer/renderer.rb:46:in `render_template'
  actionview (4.2.6) lib/action_view/renderer/renderer.rb:27:in `render'
  actionview (4.2.6) lib/action_view/rendering.rb:100:in `_render_template'
  actionpack (4.2.6) lib/action_controller/metal/streaming.rb:217:in `_render_template'
  actionview (4.2.6) lib/action_view/rendering.rb:83:in `render_to_body'
  actionpack (4.2.6) lib/action_controller/metal/rendering.rb:32:in `render_to_body'
  actionpack (4.2.6) lib/action_controller/metal/renderers.rb:37:in `render_to_body'
  actionpack (4.2.6) lib/abstract_controller/rendering.rb:25:in `render'
  actionpack (4.2.6) lib/action_controller/metal/rendering.rb:16:in `render'
  actionpack (4.2.6) lib/action_controller/metal/instrumentation.rb:44:in `block (2 levels) in render'
  activesupport (4.2.6) lib/active_support/core_ext/benchmark.rb:12:in `block in ms'
  /Users/abadjoanne/.rvm/rubies/ruby-2.3.0/lib/ruby/2.3.0/benchmark.rb:308:in `realtime'
  activesupport (4.2.6) lib/active_support/core_ext/benchmark.rb:12:in `ms'
  actionpack (4.2.6) lib/action_controller/metal/instrumentation.rb:44:in `block in render'
  actionpack (4.2.6) lib/action_controller/metal/instrumentation.rb:87:in `cleanup_view_runtime'
  activerecord (4.2.6) lib/active_record/railties/controller_runtime.rb:25:in `cleanup_view_runtime'
  actionpack (4.2.6) lib/action_controller/metal/instrumentation.rb:43:in `render'
  actionpack (4.2.6) lib/action_controller/metal/implicit_render.rb:10:in `default_render'
  actionpack (4.2.6) lib/action_controller/metal/implicit_render.rb:5:in `send_action'
  actionpack (4.2.6) lib/abstract_controller/base.rb:198:in `process_action'
  actionpack (4.2.6) lib/action_controller/metal/rendering.rb:10:in `process_action'
  actionpack (4.2.6) lib/abstract_controller/callbacks.rb:20:in `block in process_action'
  activesupport (4.2.6) lib/active_support/callbacks.rb:117:in `call'
  activesupport (4.2.6) lib/active_support/callbacks.rb:555:in `block (2 levels) in compile'
  activesupport (4.2.6) lib/active_support/callbacks.rb:505:in `call'
  activesupport (4.2.6) lib/active_support/callbacks.rb:92:in `__run_callbacks__'
  activesupport (4.2.6) lib/active_support/callbacks.rb:778:in `_run_process_action_callbacks'
  activesupport (4.2.6) lib/active_support/callbacks.rb:81:in `run_callbacks'
  actionpack (4.2.6) lib/abstract_controller/callbacks.rb:19:in `process_action'
  actionpack (4.2.6) lib/action_controller/metal/rescue.rb:29:in `process_action'
  actionpack (4.2.6) lib/action_controller/metal/instrumentation.rb:32:in `block in process_action'
  activesupport (4.2.6) lib/active_support/notifications.rb:164:in `block in instrument'
  activesupport (4.2.6) lib/active_support/notifications/instrumenter.rb:20:in `instrument'
  activesupport (4.2.6) lib/active_support/notifications.rb:164:in `instrument'
  actionpack (4.2.6) lib/action_controller/metal/instrumentation.rb:30:in `process_action'
  actionpack (4.2.6) lib/action_controller/metal/params_wrapper.rb:250:in `process_action'
  activerecord (4.2.6) lib/active_record/railties/controller_runtime.rb:18:in `process_action'
  actionpack (4.2.6) lib/abstract_controller/base.rb:137:in `process'
  actionview (4.2.6) lib/action_view/rendering.rb:30:in `process'
  actionpack (4.2.6) lib/action_controller/metal.rb:196:in `dispatch'
  actionpack (4.2.6) lib/action_controller/metal/rack_delegation.rb:13:in `dispatch'
  actionpack (4.2.6) lib/action_controller/metal.rb:237:in `block in action'
  actionpack (4.2.6) lib/action_dispatch/routing/route_set.rb:74:in `dispatch'
  actionpack (4.2.6) lib/action_dispatch/routing/route_set.rb:43:in `serve'
  actionpack (4.2.6) lib/action_dispatch/journey/router.rb:43:in `block in serve'
  actionpack (4.2.6) lib/action_dispatch/journey/router.rb:30:in `serve'
  actionpack (4.2.6) lib/action_dispatch/routing/route_set.rb:817:in `call'
  rack (1.6.4) lib/rack/etag.rb:24:in `call'
  rack (1.6.4) lib/rack/conditionalget.rb:25:in `call'
  rack (1.6.4) lib/rack/head.rb:13:in `call'
  actionpack (4.2.6) lib/action_dispatch/middleware/params_parser.rb:27:in `call'
  actionpack (4.2.6) lib/action_dispatch/middleware/flash.rb:260:in `call'
  rack (1.6.4) lib/rack/session/abstract/id.rb:225:in `context'
  rack (1.6.4) lib/rack/session/abstract/id.rb:220:in `call'
  actionpack (4.2.6) lib/action_dispatch/middleware/cookies.rb:560:in `call'
  activerecord (4.2.6) lib/active_record/query_cache.rb:36:in `call'
  activerecord (4.2.6) lib/active_record/connection_adapters/abstract/connection_pool.rb:653:in `call'
  activerecord (4.2.6) lib/active_record/migration.rb:377:in `call'
  actionpack (4.2.6) lib/action_dispatch/middleware/callbacks.rb:29:in `block in call'
  activesupport (4.2.6) lib/active_support/callbacks.rb:88:in `__run_callbacks__'
  activesupport (4.2.6) lib/active_support/callbacks.rb:778:in `_run_call_callbacks'
  activesupport (4.2.6) lib/active_support/callbacks.rb:81:in `run_callbacks'
  actionpack (4.2.6) lib/action_dispatch/middleware/callbacks.rb:27:in `call'
  actionpack (4.2.6) lib/action_dispatch/middleware/reloader.rb:73:in `call'
  actionpack (4.2.6) lib/action_dispatch/middleware/remote_ip.rb:78:in `call'
  better_errors (2.1.1) lib/better_errors/middleware.rb:84:in `protected_app_call'
  better_errors (2.1.1) lib/better_errors/middleware.rb:79:in `better_errors_call'
  better_errors (2.1.1) lib/better_errors/middleware.rb:57:in `call'
  actionpack (4.2.6) lib/action_dispatch/middleware/debug_exceptions.rb:17:in `call'
  web-console (2.3.0) lib/web_console/middleware.rb:28:in `block in call'
  web-console (2.3.0) lib/web_console/middleware.rb:18:in `call'
  actionpack (4.2.6) lib/action_dispatch/middleware/show_exceptions.rb:30:in `call'
  railties (4.2.6) lib/rails/rack/logger.rb:38:in `call_app'
  railties (4.2.6) lib/rails/rack/logger.rb:20:in `block in call'
  activesupport (4.2.6) lib/active_support/tagged_logging.rb:68:in `block in tagged'
  activesupport (4.2.6) lib/active_support/tagged_logging.rb:26:in `tagged'
  activesupport (4.2.6) lib/active_support/tagged_logging.rb:68:in `tagged'
  railties (4.2.6) lib/rails/rack/logger.rb:20:in `call'
  actionpack (4.2.6) lib/action_dispatch/middleware/request_id.rb:21:in `call'
  rack (1.6.4) lib/rack/methodoverride.rb:22:in `call'
  rack (1.6.4) lib/rack/runtime.rb:18:in `call'
  activesupport (4.2.6) lib/active_support/cache/strategy/local_cache_middleware.rb:28:in `call'
  rack (1.6.4) lib/rack/lock.rb:17:in `call'
  actionpack (4.2.6) lib/action_dispatch/middleware/static.rb:120:in `call'
  rack (1.6.4) lib/rack/sendfile.rb:113:in `call'
  railties (4.2.6) lib/rails/engine.rb:518:in `call'
  railties (4.2.6) lib/rails/application.rb:165:in `call'
  rack (1.6.4) lib/rack/lock.rb:17:in `call'
  rack (1.6.4) lib/rack/content_length.rb:15:in `call'
  rack (1.6.4) lib/rack/handler/webrick.rb:88:in `service'
  /Users/abadjoanne/.rvm/rubies/ruby-2.3.0/lib/ruby/2.3.0/webrick/httpserver.rb:140:in `service'
  /Users/abadjoanne/.rvm/rubies/ruby-2.3.0/lib/ruby/2.3.0/webrick/httpserver.rb:96:in `run'
  /Users/abadjoanne/.rvm/rubies/ruby-2.3.0/lib/ruby/2.3.0/webrick/server.rb:296:in `block in start_thread'



Started POST "/__better_errors/9beefa36845e3c5c/variables" for ::1 at 2016-06-02 16:09:46 -0700


Started GET "/" for ::1 at 2016-06-02 16:10:00 -0700
Processing by SplashController#index as HTML
  Rendered splash/index.html.erb within layouts/application (4.2ms)
  [1m[36mUser Load (0.3ms)[0m  [1mSELECT  "users".* FROM "users" WHERE "users"."id" = $1 LIMIT 1[0m  [["id", 8]]
Completed 200 OK in 1306ms (Views: 1304.3ms | ActiveRecord: 0.3ms)


Started GET "/assets/_settings.self-e3b0c44298fc1c149afbf4c8996fb92427ae41e4649b934ca495991b7852b855.css?body=1" for ::1 at 2016-06-02 16:10:01 -0700


Started GET "/assets/splash.self-b62fbf60b0afbc656c224a901610dc7445f8edc4173afb16e74c2690a197c531.css?body=1" for ::1 at 2016-06-02 16:10:01 -0700


Started GET "/assets/about.self-743cdb0f1b5f9234850d0a9eb5f152cea7ccdea14233f9f772a0060e37d135b3.css?body=1" for ::1 at 2016-06-02 16:10:01 -0700


Started GET "/assets/foundation_and_overrides.self-8a1533ab2da11c6eb6bf5bfab21bb2546101456442ae2b2ead323edafae554c6.css?body=1" for ::1 at 2016-06-02 16:10:01 -0700


Started GET "/assets/posts.self-94437e93604f5ccea9cfe5670a09f6aa5a376cb563e7ad643a190c9ce3871911.css?body=1" for ::1 at 2016-06-02 16:10:01 -0700


Started GET "/assets/foundation.self-3e0a0d55ece898a6d57d7b1d486be517d48778b5fb4bdaeefcffcd60ad61794b.css?body=1" for ::1 at 2016-06-02 16:10:01 -0700


Started GET "/assets/users.self-982098b4172db690d54d4342c8c9b5a45984b58c1f0394f6fe705d503bf15308.css?body=1" for ::1 at 2016-06-02 16:10:01 -0700


Started GET "/assets/application.self-4f22ee513bff51c07ddbacea6716b3bb025259c40c0c44f68b3b024ed0ff7a2c.css?body=1" for ::1 at 2016-06-02 16:10:01 -0700


Started GET "/assets/jquery.self-660adc51e0224b731d29f575a6f1ec167ba08ad06ed5deca4f1e8654c135bf4c.js?body=1" for ::1 at 2016-06-02 16:10:01 -0700


Started GET "/assets/foundation.core.self-f55f82f1d32e31421cdb346360219495e02cb256a9235560ae847258f51ded3a.js?body=1" for ::1 at 2016-06-02 16:10:01 -0700


Started GET "/assets/jquery_ujs.self-e87806d0cf4489aeb1bb7288016024e8de67fd18db693fe026fe3907581e53cd.js?body=1" for ::1 at 2016-06-02 16:10:01 -0700


Started GET "/assets/foundation.accordion.self-6c28f3f91f10621dea9006b993acf28cda9ea59c4e962048fee0e94588b696bb.js?body=1" for ::1 at 2016-06-02 16:10:01 -0700


Started GET "/assets/foundation.abide.self-fbc98127620ee01eaa2881e128f8448984eecf2eaf9fd8cc40b020ad7e9f2bd3.js?body=1" for ::1 at 2016-06-02 16:10:01 -0700


Started GET "/assets/foundation.dropdown.self-f384376d246673d8cc9e59e8a1e0655d1ac164ebd79ed62938bb665b8e98fda0.js?body=1" for ::1 at 2016-06-02 16:10:02 -0700


Started GET "/assets/foundation.accordionMenu.self-6a75eb2b3768268d8ec00fc703ea3752f847738031a2614ce3ab5e4bbb9882dd.js?body=1" for ::1 at 2016-06-02 16:10:02 -0700


Started GET "/assets/foundation.drilldown.self-11995b03e1b847772717a9123dc61fb32511459cccc6b8bc816b29e6739c3555.js?body=1" for ::1 at 2016-06-02 16:10:02 -0700


Started GET "/assets/foundation.equalizer.self-20c80813228b7707630bb8e9b79d9e9e95bc08793fd7f7c0bb4d1a8e1abba874.js?body=1" for ::1 at 2016-06-02 16:10:02 -0700


Started GET "/assets/foundation.interchange.self-8098699bc5e479e34a597c857ca10cf84217780d16b09b4be350ec42d7c3ba85.js?body=1" for ::1 at 2016-06-02 16:10:02 -0700


Started GET "/assets/foundation.magellan.self-185cddbb3ea900a8b64ad9482999414820039c72b88ac73ce4062e26c2fcb51f.js?body=1" for ::1 at 2016-06-02 16:10:02 -0700


Started GET "/assets/foundation.dropdownMenu.self-d58c8deb698da27cd9f2df0dd6bef68b289948015c0eb1f1734e601754b77a22.js?body=1" for ::1 at 2016-06-02 16:10:02 -0700


Started GET "/assets/foundation.orbit.self-3790b70d486b6233de7bf36256a99b4470bbf5bab8d5cdba23038a96bed7c426.js?body=1" for ::1 at 2016-06-02 16:10:02 -0700


Started GET "/assets/foundation.offcanvas.self-43878eed51fe559619ff3c62e266b58335e0cd40bc765ede9bb5c61a5e25625d.js?body=1" for ::1 at 2016-06-02 16:10:02 -0700


Started GET "/assets/foundation.responsiveMenu.self-04daa3af5d3c617fa7d588b45b56abd62539f5fde28756c7b4705de2aa10c4fd.js?body=1" for ::1 at 2016-06-02 16:10:02 -0700


Started GET "/assets/foundation.reveal.self-3b377de155fe3f888dcbb074b9017ed4e19c3ef995e13eea42b10839dd9756f6.js?body=1" for ::1 at 2016-06-02 16:10:02 -0700


Started GET "/assets/foundation.responsiveToggle.self-2b01f8c5e2bfe4eeaf7b15dd94962ef957112c455f4dc3abcf5e41e4c98b5b91.js?body=1" for ::1 at 2016-06-02 16:10:02 -0700


Started GET "/assets/foundation.slider.self-89883a154b8e68187e9465e5470bf26d54b48a4a69de4636afbb38953ee41ea6.js?body=1" for ::1 at 2016-06-02 16:10:02 -0700


Started GET "/assets/foundation.sticky.self-8e0aa578f0015adbf99c14d1bb8464da751951e2c6e2923c2395ceba99c28bac.js?body=1" for ::1 at 2016-06-02 16:10:02 -0700


Started GET "/assets/foundation.util.keyboard.self-cf209dc0383f29cb576393bbdee52dbbd819837d6430a35afb4a4703770972f9.js?body=1" for ::1 at 2016-06-02 16:10:02 -0700


Started GET "/assets/foundation.toggler.self-e503f9a635124ad4578a03dc24e47ac4cdb922a60bac8c9c99d024da00b0bd52.js?body=1" for ::1 at 2016-06-02 16:10:02 -0700


Started GET "/assets/foundation.tooltip.self-4cf167bdbe826668ee0d73e6e30da8aaba252c73084db7b005923d5cd102d11e.js?body=1" for ::1 at 2016-06-02 16:10:02 -0700


Started GET "/assets/foundation.util.box.self-789413a9ae946f5aee2709ac5e1ad5c9a7780fb4e16b46efe3572f22a0ea6b4d.js?body=1" for ::1 at 2016-06-02 16:10:02 -0700


Started GET "/assets/foundation.tabs.self-891f2cfe78a15ab6d129ae1bdcd83bb8c344b5677446700c8329442081eddddf.js?body=1" for ::1 at 2016-06-02 16:10:02 -0700


Started GET "/assets/foundation.util.mediaQuery.self-931eb6f96f60670ad0ebcb0a6d7bed0cced317a2059749343b094c4d72098b6c.js?body=1" for ::1 at 2016-06-02 16:10:02 -0700


Started GET "/assets/foundation.util.motion.self-13d4248460aba53c0fd52e1ec0d5cb41c317b1c4d974bc5d905c9976dc9ef218.js?body=1" for ::1 at 2016-06-02 16:10:02 -0700


Started GET "/assets/foundation.util.nest.self-c9876586f80b068aea0d01390583424a28fa305c450e12a49bb301dcc686d1a0.js?body=1" for ::1 at 2016-06-02 16:10:02 -0700


Started GET "/assets/foundation.util.timerAndImageLoader.self-68c67c1b0b4f2e2cb7f2af57124f38f54b749efed9f1bebc44677dc27abf7864.js?body=1" for ::1 at 2016-06-02 16:10:02 -0700


Started GET "/assets/foundation.util.touch.self-e26387c8ba249a8e90745647603562023cd1932c720ddf72407dc7a489ecb893.js?body=1" for ::1 at 2016-06-02 16:10:02 -0700


Started GET "/assets/foundation.util.triggers.self-71a2360cfe56c89eb46e0776c3d04601a8cce01d9e1098b808375eecc4b2418c.js?body=1" for ::1 at 2016-06-02 16:10:02 -0700


Started GET "/assets/foundation.self-5ecf2f4d83e6260dabd6ec48e76d8ddebccf956563f34072221bf960d3b8c255.js?body=1" for ::1 at 2016-06-02 16:10:02 -0700


Started GET "/assets/turbolinks.self-c37727e9bd6b2735da5c311aa83fead54ed0be6cc8bd9a65309e9c5abe2cbfff.js?body=1" for ::1 at 2016-06-02 16:10:02 -0700


Started GET "/assets/posts.self-877aef30ae1b040ab8a3aba4e3e309a11d7f2612f44dde450b5c157aa5f95c05.js?body=1" for ::1 at 2016-06-02 16:10:02 -0700


Started GET "/assets/about.self-877aef30ae1b040ab8a3aba4e3e309a11d7f2612f44dde450b5c157aa5f95c05.js?body=1" for ::1 at 2016-06-02 16:10:02 -0700


Started GET "/assets/users.self-877aef30ae1b040ab8a3aba4e3e309a11d7f2612f44dde450b5c157aa5f95c05.js?body=1" for ::1 at 2016-06-02 16:10:02 -0700


Started GET "/assets/application.self-79a300d240bbf145c9af961805bc87f18e9f73bd1cda275895295c80d8552d3f.js?body=1" for ::1 at 2016-06-02 16:10:02 -0700


Started GET "/assets/abadgirl-8cbb8de9759ee02f5c141ebb51afdb148bc02e0b8caabef253047547d3d5d368.png" for ::1 at 2016-06-02 16:10:02 -0700


Started GET "/assets/ja_new_fav-7970600167f7cc27a320372593e9614467b4270a72ae44b5b4c941528b1a8b8b.ico" for ::1 at 2016-06-02 16:10:03 -0700


Started GET "/beauty/posts" for ::1 at 2016-06-02 16:10:07 -0700
Processing by PostsController#index_beauty as HTML
  [1m[35mUser Load (0.4ms)[0m  SELECT  "users".* FROM "users" WHERE "users"."id" = $1 LIMIT 1  [["id", 8]]
  [1m[36mPost Load (22.9ms)[0m  [1mSELECT "posts".* FROM "posts" WHERE "posts"."beauty_post" = $1  ORDER BY "posts"."created_at" DESC[0m  [["beauty_post", "t"]]
  Rendered posts/index_beauty.html.erb within layouts/application (31.1ms)
Completed 200 OK in 247ms (Views: 221.9ms | ActiveRecord: 23.3ms)


Started GET "/posts/97" for ::1 at 2016-06-02 16:10:11 -0700
Processing by PostsController#show as HTML
  Parameters: {"id"=>"97"}
  [1m[35mPost Load (0.6ms)[0m  SELECT  "posts".* FROM "posts" WHERE "posts"."id" = $1 LIMIT 1  [["id", 97]]
  [1m[36mUser Load (0.6ms)[0m  [1mSELECT  "users".* FROM "users" WHERE "users"."id" = $1 LIMIT 1[0m  [["id", 8]]
  [1m[35mUser Load (0.3ms)[0m  SELECT  "users".* FROM "users" WHERE "users"."id" = $1 LIMIT 1  [["id", 6]]
  Rendered posts/show.html.erb within layouts/application (1.9ms)
Completed 200 OK in 222ms (Views: 218.3ms | ActiveRecord: 1.4ms)


Started GET "/users/8" for ::1 at 2016-06-02 16:10:14 -0700
Processing by UsersController#show as HTML
  Parameters: {"id"=>"8"}
  [1m[36mUser Load (0.3ms)[0m  [1mSELECT  "users".* FROM "users" WHERE "users"."id" = $1 LIMIT 1[0m  [["id", 8]]
  Rendered users/show.html.erb within layouts/application (3.2ms)
  [1m[35mUser Load (0.3ms)[0m  SELECT  "users".* FROM "users" WHERE "users"."id" = $1 LIMIT 1  [["id", 8]]
Completed 200 OK in 188ms (Views: 186.2ms | ActiveRecord: 0.6ms)


Started GET "/splash" for ::1 at 2016-06-02 16:10:38 -0700
Processing by SplashController#index as HTML
  Rendered splash/index.html.erb within layouts/application (3.2ms)
  [1m[36mUser Load (0.3ms)[0m  [1mSELECT  "users".* FROM "users" WHERE "users"."id" = $1 LIMIT 1[0m  [["id", 8]]
Completed 200 OK in 205ms (Views: 204.0ms | ActiveRecord: 0.3ms)
